<?xml version="1.0" encoding="utf-8"?>
<CoverageSession>
  <Summary numSequencePoints="215" visitedSequencePoints="215" numBranchPoints="215" visitedBranchPoints="215" sequenceCoverage="1" branchCoverage="1" maxCyclomaticComplexity="0" minCyclomaticComplexity="0" visitedClasses="2" numClasses="2" visitedMethods="22" numMethods="22" />
  <Modules>
    <Module hash="C77DCD4E-8DE6-4A28-BEC9-5ABA703F305B">
      <ModulePath>D:\Studies\QualityControl\QualityControl\lab5.Tests\bin\Debug\netcoreapp2.0\lab5.dll</ModulePath>
      <ModuleTime>2018-10-15T07:28:57</ModuleTime>
      <ModuleName>lab5</ModuleName>
      <Files>
        <File uid="1" fullPath="D:\Studies\QualityControl\QualityControl\lab5\LongNumber.cs" />
      </Files>
      <Classes>
        <Class>
          <Summary numSequencePoints="210" visitedSequencePoints="210" numBranchPoints="100" visitedBranchPoints="95" sequenceCoverage="1" branchCoverage="0,95" maxCyclomaticComplexity="0" minCyclomaticComplexity="0" visitedClasses="1" numClasses="1" visitedMethods="19" numMethods="19" />
          <FullName>lab5.LongNumber</FullName>
          <Methods>
            <Method cyclomaticComplexity="0" nPathComplexity="0" sequenceCoverage="1" branchCoverage="1" isConstructor="False" isGetter="False" isSetter="False" isStatic="True">
              <Summary numSequencePoints="16" visitedSequencePoints="16" numBranchPoints="8" visitedBranchPoints="8" sequenceCoverage="1" branchCoverage="1" maxCyclomaticComplexity="0" minCyclomaticComplexity="0" visitedClasses="0" numClasses="0" visitedMethods="1" numMethods="1" />
              <MetadataToken />
              <Name>lab5.LongNumber lab5.LongNumber::op_Multiply(lab5.LongNumber,lab5.LongNumber)</Name>
              <FileRef uid="1" />
              <SequencePoints>
                <SequencePoint vc="9" upsid="37" ordinal="0" sl="37" sc="1" el="37" ec="2" bec="0" bev="0" fileid="1" />
                <SequencePoint vc="9" upsid="39" ordinal="1" sl="39" sc="1" el="39" ec="2" bec="0" bev="0" fileid="1" />
                <SequencePoint vc="9" upsid="40" ordinal="2" sl="40" sc="1" el="40" ec="2" bec="0" bev="0" fileid="1" />
                <SequencePoint vc="3" upsid="41" ordinal="3" sl="41" sc="1" el="41" ec="2" bec="0" bev="0" fileid="1" />
                <SequencePoint vc="3" upsid="42" ordinal="4" sl="42" sc="1" el="42" ec="2" bec="0" bev="0" fileid="1" />
                <SequencePoint vc="3" upsid="43" ordinal="5" sl="43" sc="1" el="43" ec="2" bec="0" bev="0" fileid="1" />
                <SequencePoint vc="3" upsid="44" ordinal="6" sl="44" sc="1" el="44" ec="2" bec="0" bev="0" fileid="1" />
                <SequencePoint vc="3" upsid="45" ordinal="7" sl="45" sc="1" el="45" ec="2" bec="0" bev="0" fileid="1" />
                <SequencePoint vc="36" upsid="47" ordinal="8" sl="47" sc="1" el="47" ec="2" bec="0" bev="0" fileid="1" />
                <SequencePoint vc="9" upsid="48" ordinal="9" sl="48" sc="1" el="48" ec="2" bec="0" bev="0" fileid="1" />
                <SequencePoint vc="9" upsid="49" ordinal="10" sl="49" sc="1" el="49" ec="2" bec="0" bev="0" fileid="1" />
                <SequencePoint vc="11" upsid="50" ordinal="11" sl="50" sc="1" el="50" ec="2" bec="0" bev="0" fileid="1" />
                <SequencePoint vc="9" upsid="51" ordinal="12" sl="51" sc="1" el="51" ec="2" bec="0" bev="0" fileid="1" />
                <SequencePoint vc="9" upsid="52" ordinal="13" sl="52" sc="1" el="52" ec="2" bec="0" bev="0" fileid="1" />
                <SequencePoint vc="9" upsid="53" ordinal="14" sl="53" sc="1" el="53" ec="2" bec="0" bev="0" fileid="1" />
                <SequencePoint vc="9" upsid="54" ordinal="15" sl="54" sc="1" el="54" ec="2" bec="0" bev="0" fileid="1" />
              </SequencePoints>
              <BranchPoints>
                <BranchPoint vc="7" upsid="40" ordinal="0" path="0" offset="19" offsetend="21" sl="40" fileid="1" />
                <BranchPoint vc="511" upsid="40" ordinal="1" path="1" offset="19" offsetend="31" sl="40" fileid="1" />
                <BranchPoint vc="511" upsid="47" ordinal="3" path="1" offset="89" offsetend="36" sl="47" fileid="1" />
                <BranchPoint vc="511" upsid="47" ordinal="2" path="0" offset="89" offsetend="91" sl="47" fileid="1" />
                <BranchPoint vc="1" upsid="50" ordinal="7" path="1" offset="135" offsetend="105" sl="50" fileid="1" />
                <BranchPoint vc="511" upsid="50" ordinal="4" path="0" offset="107" offsetend="109" sl="50" fileid="1" />
                <BranchPoint vc="1" upsid="50" ordinal="5" path="1" offset="107" offsetend="130" sl="50" fileid="1" />
                <BranchPoint vc="511" upsid="50" ordinal="6" path="0" offset="135" offsetend="137" sl="50" fileid="1" />
              </BranchPoints>
              <MethodPoint vc="16" upsid="0" p8:type="SequencePoint" ordinal="0" offset="0" sc="0" sl="37" ec="1" el="54" bec="0" bev="0" fileid="1" xmlns:p8="xsi" />
            </Method>
            <Method cyclomaticComplexity="0" nPathComplexity="0" sequenceCoverage="1" branchCoverage="1" isConstructor="False" isGetter="False" isSetter="False" isStatic="True">
              <Summary numSequencePoints="13" visitedSequencePoints="13" numBranchPoints="4" visitedBranchPoints="4" sequenceCoverage="1" branchCoverage="1" maxCyclomaticComplexity="0" minCyclomaticComplexity="0" visitedClasses="0" numClasses="0" visitedMethods="1" numMethods="1" />
              <MetadataToken />
              <Name>lab5.LongNumber lab5.LongNumber::op_Multiply(lab5.LongNumber,System.Byte)</Name>
              <FileRef uid="1" />
              <SequencePoints>
                <SequencePoint vc="1087" upsid="58" ordinal="0" sl="58" sc="1" el="58" ec="2" bec="0" bev="0" fileid="1" />
                <SequencePoint vc="1087" upsid="59" ordinal="1" sl="59" sc="1" el="59" ec="2" bec="0" bev="0" fileid="1" />
                <SequencePoint vc="1087" upsid="60" ordinal="2" sl="60" sc="1" el="60" ec="2" bec="0" bev="0" fileid="1" />
                <SequencePoint vc="5396" upsid="61" ordinal="3" sl="61" sc="1" el="61" ec="2" bec="0" bev="0" fileid="1" />
                <SequencePoint vc="1611" upsid="62" ordinal="4" sl="62" sc="1" el="62" ec="2" bec="0" bev="0" fileid="1" />
                <SequencePoint vc="1611" upsid="63" ordinal="5" sl="63" sc="1" el="63" ec="2" bec="0" bev="0" fileid="1" />
                <SequencePoint vc="1611" upsid="64" ordinal="6" sl="64" sc="1" el="64" ec="2" bec="0" bev="0" fileid="1" />
                <SequencePoint vc="1611" upsid="65" ordinal="7" sl="65" sc="1" el="65" ec="2" bec="0" bev="0" fileid="1" />
                <SequencePoint vc="1611" upsid="66" ordinal="8" sl="66" sc="1" el="66" ec="2" bec="0" bev="0" fileid="1" />
                <SequencePoint vc="1611" upsid="67" ordinal="9" sl="67" sc="1" el="67" ec="2" bec="0" bev="0" fileid="1" />
                <SequencePoint vc="1601" upsid="68" ordinal="10" sl="68" sc="1" el="68" ec="2" bec="0" bev="0" fileid="1" />
                <SequencePoint vc="1087" upsid="71" ordinal="11" sl="71" sc="1" el="71" ec="2" bec="0" bev="0" fileid="1" />
                <SequencePoint vc="1087" upsid="72" ordinal="12" sl="72" sc="1" el="72" ec="2" bec="0" bev="0" fileid="1" />
              </SequencePoints>
              <BranchPoints>
                <BranchPoint vc="2147483647" upsid="61" ordinal="1" path="1" offset="102" offsetend="19" sl="61" fileid="1" />
                <BranchPoint vc="2147483647" upsid="61" ordinal="0" path="0" offset="102" offsetend="104" sl="61" fileid="1" />
                <BranchPoint vc="2147483647" upsid="68" ordinal="2" path="0" offset="112" offsetend="114" sl="68" fileid="1" />
                <BranchPoint vc="2147483647" upsid="68" ordinal="3" path="1" offset="112" offsetend="127" sl="68" fileid="1" />
              </BranchPoints>
              <MethodPoint vc="13" upsid="0" p8:type="SequencePoint" ordinal="1" offset="1" sc="0" sl="58" ec="1" el="72" bec="0" bev="0" fileid="1" xmlns:p8="xsi" />
            </Method>
            <Method cyclomaticComplexity="0" nPathComplexity="0" sequenceCoverage="1" branchCoverage="0,917" isConstructor="False" isGetter="False" isSetter="False" isStatic="True">
              <Summary numSequencePoints="31" visitedSequencePoints="31" numBranchPoints="12" visitedBranchPoints="11" sequenceCoverage="1" branchCoverage="0,917" maxCyclomaticComplexity="0" minCyclomaticComplexity="0" visitedClasses="0" numClasses="0" visitedMethods="1" numMethods="1" />
              <MetadataToken />
              <Name>lab5.Cont`2&lt;lab5.LongNumber,lab5.LongNumber&gt; lab5.LongNumber::op_Division(lab5.LongNumber,lab5.LongNumber)</Name>
              <FileRef uid="1" />
              <SequencePoints>
                <SequencePoint vc="73" upsid="76" ordinal="0" sl="76" sc="1" el="76" ec="2" bec="0" bev="0" fileid="1" />
                <SequencePoint vc="73" upsid="78" ordinal="1" sl="78" sc="1" el="78" ec="2" bec="0" bev="0" fileid="1" />
                <SequencePoint vc="73" upsid="79" ordinal="2" sl="79" sc="1" el="79" ec="2" bec="0" bev="0" fileid="1" />
                <SequencePoint vc="73" upsid="81" ordinal="3" sl="81" sc="1" el="81" ec="2" bec="0" bev="0" fileid="1" />
                <SequencePoint vc="6" upsid="82" ordinal="4" sl="82" sc="1" el="82" ec="2" bec="0" bev="0" fileid="1" />
                <SequencePoint vc="6" upsid="83" ordinal="5" sl="83" sc="1" el="83" ec="2" bec="0" bev="0" fileid="1" />
                <SequencePoint vc="6" upsid="84" ordinal="6" sl="84" sc="1" el="84" ec="2" bec="0" bev="0" fileid="1" />
                <SequencePoint vc="67" upsid="86" ordinal="7" sl="86" sc="1" el="86" ec="2" bec="0" bev="0" fileid="1" />
                <SequencePoint vc="248" upsid="88" ordinal="8" sl="88" sc="1" el="88" ec="2" bec="0" bev="0" fileid="1" />
                <SequencePoint vc="210" upsid="90" ordinal="9" sl="90" sc="1" el="90" ec="2" bec="0" bev="0" fileid="1" />
                <SequencePoint vc="38" upsid="91" ordinal="10" sl="91" sc="1" el="91" ec="2" bec="0" bev="0" fileid="1" />
                <SequencePoint vc="38" upsid="92" ordinal="11" sl="92" sc="1" el="92" ec="2" bec="0" bev="0" fileid="1" />
                <SequencePoint vc="12" upsid="93" ordinal="12" sl="93" sc="1" el="93" ec="2" bec="0" bev="0" fileid="1" />
                <SequencePoint vc="26" upsid="95" ordinal="13" sl="95" sc="1" el="95" ec="2" bec="0" bev="0" fileid="1" />
                <SequencePoint vc="26" upsid="96" ordinal="14" sl="96" sc="1" el="96" ec="2" bec="0" bev="0" fileid="1" />
                <SequencePoint vc="26" upsid="97" ordinal="15" sl="97" sc="1" el="97" ec="2" bec="0" bev="0" fileid="1" />
                <SequencePoint vc="26" upsid="98" ordinal="16" sl="98" sc="1" el="98" ec="2" bec="0" bev="0" fileid="1" />
                <SequencePoint vc="26" upsid="100" ordinal="17" sl="100" sc="1" el="100" ec="2" bec="0" bev="0" fileid="1" />
                <SequencePoint vc="38" upsid="101" ordinal="18" sl="101" sc="1" el="101" ec="2" bec="0" bev="0" fileid="1" />
                <SequencePoint vc="38" upsid="102" ordinal="19" sl="102" sc="1" el="102" ec="2" bec="0" bev="0" fileid="1" />
                <SequencePoint vc="67" upsid="104" ordinal="20" sl="104" sc="1" el="104" ec="2" bec="0" bev="0" fileid="1" />
                <SequencePoint vc="67" upsid="105" ordinal="21" sl="105" sc="1" el="105" ec="2" bec="0" bev="0" fileid="1" />
                <SequencePoint vc="67" upsid="106" ordinal="22" sl="106" sc="1" el="106" ec="2" bec="0" bev="0" fileid="1" />
                <SequencePoint vc="67" upsid="107" ordinal="23" sl="107" sc="1" el="107" ec="2" bec="0" bev="0" fileid="1" />
                <SequencePoint vc="67" upsid="108" ordinal="24" sl="108" sc="1" el="108" ec="2" bec="0" bev="0" fileid="1" />
                <SequencePoint vc="67" upsid="110" ordinal="25" sl="110" sc="1" el="110" ec="2" bec="0" bev="0" fileid="1" />
                <SequencePoint vc="91" upsid="111" ordinal="26" sl="111" sc="1" el="111" ec="2" bec="0" bev="0" fileid="1" />
                <SequencePoint vc="67" upsid="112" ordinal="27" sl="112" sc="1" el="112" ec="2" bec="0" bev="0" fileid="1" />
                <SequencePoint vc="67" upsid="113" ordinal="28" sl="113" sc="1" el="113" ec="2" bec="0" bev="0" fileid="1" />
                <SequencePoint vc="67" upsid="114" ordinal="29" sl="114" sc="1" el="114" ec="2" bec="0" bev="0" fileid="1" />
                <SequencePoint vc="73" upsid="115" ordinal="30" sl="115" sc="1" el="115" ec="2" bec="0" bev="0" fileid="1" />
              </SequencePoints>
              <BranchPoints>
                <BranchPoint vc="63" upsid="81" ordinal="0" path="0" offset="39" offsetend="41" sl="81" fileid="1" />
                <BranchPoint vc="2147483647" upsid="81" ordinal="1" path="1" offset="39" offsetend="69" sl="81" fileid="1" />
                <BranchPoint vc="2147483647" upsid="88" ordinal="3" path="1" offset="127" offsetend="98" sl="88" fileid="1" />
                <BranchPoint vc="2147483647" upsid="88" ordinal="2" path="0" offset="127" offsetend="129" sl="88" fileid="1" />
                <BranchPoint vc="2147483647" upsid="90" ordinal="7" path="1" offset="235" offsetend="134" sl="90" fileid="1" />
                <BranchPoint vc="2147483647" upsid="90" ordinal="6" path="0" offset="235" offsetend="237" sl="90" fileid="1" />
                <BranchPoint vc="4095" upsid="92" ordinal="4" path="0" offset="149" offsetend="151" sl="92" fileid="1" />
                <BranchPoint vc="67108863" upsid="92" ordinal="5" path="1" offset="149" offsetend="167" sl="92" fileid="1" />
                <BranchPoint vc="4095" upsid="111" ordinal="11" path="1" offset="320" offsetend="290" sl="111" fileid="1" />
                <BranchPoint vc="2147483647" upsid="111" ordinal="8" path="0" offset="292" offsetend="294" sl="111" fileid="1" />
                <BranchPoint vc="0" upsid="111" ordinal="9" path="1" offset="292" offsetend="315" sl="111" fileid="1" />
                <BranchPoint vc="2147483647" upsid="111" ordinal="10" path="0" offset="320" offsetend="322" sl="111" fileid="1" />
              </BranchPoints>
              <MethodPoint vc="31" upsid="0" p8:type="SequencePoint" ordinal="2" offset="2" sc="0" sl="76" ec="1" el="115" bec="0" bev="0" fileid="1" xmlns:p8="xsi" />
            </Method>
            <Method cyclomaticComplexity="0" nPathComplexity="0" sequenceCoverage="1" branchCoverage="1" isConstructor="False" isGetter="False" isSetter="False" isStatic="True">
              <Summary numSequencePoints="18" visitedSequencePoints="18" numBranchPoints="4" visitedBranchPoints="4" sequenceCoverage="1" branchCoverage="1" maxCyclomaticComplexity="0" minCyclomaticComplexity="0" visitedClasses="0" numClasses="0" visitedMethods="1" numMethods="1" />
              <MetadataToken />
              <Name>lab5.Cont`2&lt;System.Byte,lab5.LongNumber&gt; lab5.LongNumber::getDivider(lab5.LongNumber,lab5.LongNumber)</Name>
              <FileRef uid="1" />
              <SequencePoints>
                <SequencePoint vc="93" upsid="118" ordinal="0" sl="118" sc="1" el="118" ec="2" bec="0" bev="0" fileid="1" />
                <SequencePoint vc="93" upsid="119" ordinal="1" sl="119" sc="1" el="119" ec="2" bec="0" bev="0" fileid="1" />
                <SequencePoint vc="93" upsid="120" ordinal="2" sl="120" sc="1" el="120" ec="2" bec="0" bev="0" fileid="1" />
                <SequencePoint vc="837" upsid="121" ordinal="3" sl="121" sc="1" el="121" ec="2" bec="0" bev="0" fileid="1" />
                <SequencePoint vc="744" upsid="122" ordinal="4" sl="122" sc="1" el="122" ec="2" bec="0" bev="0" fileid="1" />
                <SequencePoint vc="744" upsid="123" ordinal="5" sl="123" sc="1" el="123" ec="2" bec="0" bev="0" fileid="1" />
                <SequencePoint vc="744" upsid="125" ordinal="6" sl="125" sc="1" el="125" ec="2" bec="0" bev="0" fileid="1" />
                <SequencePoint vc="497" upsid="126" ordinal="7" sl="126" sc="1" el="126" ec="2" bec="0" bev="0" fileid="1" />
                <SequencePoint vc="497" upsid="127" ordinal="8" sl="127" sc="1" el="127" ec="2" bec="0" bev="0" fileid="1" />
                <SequencePoint vc="497" upsid="128" ordinal="9" sl="128" sc="1" el="128" ec="2" bec="0" bev="0" fileid="1" />
                <SequencePoint vc="247" upsid="130" ordinal="10" sl="130" sc="1" el="130" ec="2" bec="0" bev="0" fileid="1" />
                <SequencePoint vc="247" upsid="131" ordinal="11" sl="131" sc="1" el="131" ec="2" bec="0" bev="0" fileid="1" />
                <SequencePoint vc="247" upsid="132" ordinal="12" sl="132" sc="1" el="132" ec="2" bec="0" bev="0" fileid="1" />
                <SequencePoint vc="744" upsid="133" ordinal="13" sl="133" sc="1" el="133" ec="2" bec="0" bev="0" fileid="1" />
                <SequencePoint vc="93" upsid="135" ordinal="14" sl="135" sc="1" el="135" ec="2" bec="0" bev="0" fileid="1" />
                <SequencePoint vc="93" upsid="136" ordinal="15" sl="136" sc="1" el="136" ec="2" bec="0" bev="0" fileid="1" />
                <SequencePoint vc="93" upsid="138" ordinal="16" sl="138" sc="1" el="138" ec="2" bec="0" bev="0" fileid="1" />
                <SequencePoint vc="93" upsid="139" ordinal="17" sl="139" sc="1" el="139" ec="2" bec="0" bev="0" fileid="1" />
              </SequencePoints>
              <BranchPoints>
                <BranchPoint vc="2147483647" upsid="121" ordinal="3" path="1" offset="70" offsetend="11" sl="121" fileid="1" />
                <BranchPoint vc="2147483647" upsid="121" ordinal="2" path="0" offset="70" offsetend="72" sl="121" fileid="1" />
                <BranchPoint vc="2147483647" upsid="125" ordinal="0" path="0" offset="39" offsetend="41" sl="125" fileid="1" />
                <BranchPoint vc="2147483647" upsid="125" ordinal="1" path="1" offset="39" offsetend="51" sl="125" fileid="1" />
              </BranchPoints>
              <MethodPoint vc="18" upsid="0" p8:type="SequencePoint" ordinal="3" offset="3" sc="0" sl="118" ec="1" el="139" bec="0" bev="0" fileid="1" xmlns:p8="xsi" />
            </Method>
            <Method cyclomaticComplexity="0" nPathComplexity="0" sequenceCoverage="1" branchCoverage="0,833" isConstructor="False" isGetter="False" isSetter="False" isStatic="True">
              <Summary numSequencePoints="11" visitedSequencePoints="11" numBranchPoints="6" visitedBranchPoints="5" sequenceCoverage="1" branchCoverage="0,833" maxCyclomaticComplexity="0" minCyclomaticComplexity="0" visitedClasses="0" numClasses="0" visitedMethods="1" numMethods="1" />
              <MetadataToken />
              <Name>System.Void lab5.LongNumber::multuADD(lab5.LongNumber,lab5.LongNumber,System.Int32)</Name>
              <FileRef uid="1" />
              <SequencePoints>
                <SequencePoint vc="9" upsid="142" ordinal="0" sl="142" sc="1" el="142" ec="2" bec="0" bev="0" fileid="1" />
                <SequencePoint vc="9" upsid="144" ordinal="1" sl="144" sc="1" el="144" ec="2" bec="0" bev="0" fileid="1" />
                <SequencePoint vc="40" upsid="145" ordinal="2" sl="145" sc="1" el="145" ec="2" bec="0" bev="0" fileid="1" />
                <SequencePoint vc="11" upsid="146" ordinal="3" sl="146" sc="1" el="146" ec="2" bec="0" bev="0" fileid="1" />
                <SequencePoint vc="22" upsid="147" ordinal="4" sl="147" sc="1" el="147" ec="2" bec="0" bev="0" fileid="1" />
                <SequencePoint vc="11" upsid="148" ordinal="5" sl="148" sc="1" el="148" ec="2" bec="0" bev="0" fileid="1" />
                <SequencePoint vc="11" upsid="150" ordinal="6" sl="150" sc="1" el="150" ec="2" bec="0" bev="0" fileid="1" />
                <SequencePoint vc="11" upsid="151" ordinal="7" sl="151" sc="1" el="151" ec="2" bec="0" bev="0" fileid="1" />
                <SequencePoint vc="11" upsid="153" ordinal="8" sl="153" sc="1" el="153" ec="2" bec="0" bev="0" fileid="1" />
                <SequencePoint vc="9" upsid="154" ordinal="9" sl="154" sc="1" el="154" ec="2" bec="0" bev="0" fileid="1" />
                <SequencePoint vc="9" upsid="155" ordinal="10" sl="155" sc="1" el="155" ec="2" bec="0" bev="0" fileid="1" />
              </SequencePoints>
              <BranchPoints>
                <BranchPoint vc="2047" upsid="145" ordinal="5" path="1" offset="126" offsetend="7" sl="145" fileid="1" />
                <BranchPoint vc="511" upsid="145" ordinal="4" path="0" offset="126" offsetend="128" sl="145" fileid="1" />
                <BranchPoint vc="2047" upsid="147" ordinal="0" path="0" offset="28" offsetend="30" sl="147" fileid="1" />
                <BranchPoint vc="2047" upsid="147" ordinal="1" path="1" offset="28" offsetend="43" sl="147" fileid="1" />
                <BranchPoint vc="2047" upsid="148" ordinal="2" path="0" offset="71" offsetend="73" sl="148" fileid="1" />
                <BranchPoint vc="0" upsid="148" ordinal="3" path="1" offset="71" offsetend="76" sl="148" fileid="1" />
              </BranchPoints>
              <MethodPoint vc="11" upsid="0" p8:type="SequencePoint" ordinal="4" offset="4" sc="0" sl="142" ec="1" el="155" bec="0" bev="0" fileid="1" xmlns:p8="xsi" />
            </Method>
            <Method cyclomaticComplexity="0" nPathComplexity="0" sequenceCoverage="1" branchCoverage="1" isConstructor="False" isGetter="False" isSetter="False" isStatic="True">
              <Summary numSequencePoints="11" visitedSequencePoints="11" numBranchPoints="4" visitedBranchPoints="4" sequenceCoverage="1" branchCoverage="1" maxCyclomaticComplexity="0" minCyclomaticComplexity="0" visitedClasses="0" numClasses="0" visitedMethods="1" numMethods="1" />
              <MetadataToken />
              <Name>lab5.LongNumber lab5.LongNumber::op_Addition(lab5.LongNumber,lab5.LongNumber)</Name>
              <FileRef uid="1" />
              <SequencePoints>
                <SequencePoint vc="257" upsid="158" ordinal="0" sl="158" sc="1" el="158" ec="2" bec="0" bev="0" fileid="1" />
                <SequencePoint vc="257" upsid="160" ordinal="1" sl="160" sc="1" el="160" ec="2" bec="0" bev="0" fileid="1" />
                <SequencePoint vc="141" upsid="161" ordinal="2" sl="161" sc="1" el="161" ec="2" bec="0" bev="0" fileid="1" />
                <SequencePoint vc="141" upsid="162" ordinal="3" sl="162" sc="1" el="162" ec="2" bec="0" bev="0" fileid="1" />
                <SequencePoint vc="141" upsid="163" ordinal="4" sl="163" sc="1" el="163" ec="2" bec="0" bev="0" fileid="1" />
                <SequencePoint vc="141" upsid="164" ordinal="5" sl="164" sc="1" el="164" ec="2" bec="0" bev="0" fileid="1" />
                <SequencePoint vc="141" upsid="165" ordinal="6" sl="165" sc="1" el="165" ec="2" bec="0" bev="0" fileid="1" />
                <SequencePoint vc="257" upsid="166" ordinal="7" sl="166" sc="1" el="166" ec="2" bec="0" bev="0" fileid="1" />
                <SequencePoint vc="257" upsid="167" ordinal="8" sl="167" sc="1" el="167" ec="2" bec="0" bev="0" fileid="1" />
                <SequencePoint vc="257" upsid="168" ordinal="9" sl="168" sc="1" el="168" ec="2" bec="0" bev="0" fileid="1" />
                <SequencePoint vc="257" upsid="171" ordinal="10" sl="171" sc="1" el="171" ec="2" bec="0" bev="0" fileid="1" />
              </SequencePoints>
              <BranchPoints>
                <BranchPoint vc="2147483647" upsid="160" ordinal="0" path="0" offset="13" offsetend="15" sl="160" fileid="1" />
                <BranchPoint vc="2147483647" upsid="160" ordinal="1" path="1" offset="13" offsetend="25" sl="160" fileid="1" />
                <BranchPoint vc="511" upsid="166" ordinal="2" path="0" offset="37" offsetend="39" sl="166" fileid="1" />
                <BranchPoint vc="2147483647" upsid="166" ordinal="3" path="1" offset="37" offsetend="48" sl="166" fileid="1" />
              </BranchPoints>
              <MethodPoint vc="11" upsid="0" p8:type="SequencePoint" ordinal="5" offset="5" sc="0" sl="158" ec="1" el="171" bec="0" bev="0" fileid="1" xmlns:p8="xsi" />
            </Method>
            <Method cyclomaticComplexity="0" nPathComplexity="0" sequenceCoverage="1" branchCoverage="1" isConstructor="False" isGetter="False" isSetter="False" isStatic="True">
              <Summary numSequencePoints="8" visitedSequencePoints="8" numBranchPoints="2" visitedBranchPoints="2" sequenceCoverage="1" branchCoverage="1" maxCyclomaticComplexity="0" minCyclomaticComplexity="0" visitedClasses="0" numClasses="0" visitedMethods="1" numMethods="1" />
              <MetadataToken />
              <Name>lab5.LongNumber lab5.LongNumber::op_Subtraction(lab5.LongNumber,lab5.LongNumber)</Name>
              <FileRef uid="1" />
              <SequencePoints>
                <SequencePoint vc="8" upsid="174" ordinal="0" sl="174" sc="1" el="174" ec="2" bec="0" bev="0" fileid="1" />
                <SequencePoint vc="8" upsid="175" ordinal="1" sl="175" sc="1" el="175" ec="2" bec="0" bev="0" fileid="1" />
                <SequencePoint vc="1" upsid="176" ordinal="2" sl="176" sc="1" el="176" ec="2" bec="0" bev="0" fileid="1" />
                <SequencePoint vc="7" upsid="178" ordinal="3" sl="178" sc="1" el="178" ec="2" bec="0" bev="0" fileid="1" />
                <SequencePoint vc="8" upsid="179" ordinal="4" sl="179" sc="1" el="179" ec="2" bec="0" bev="0" fileid="1" />
                <SequencePoint vc="8" upsid="180" ordinal="5" sl="180" sc="1" el="180" ec="2" bec="0" bev="0" fileid="1" />
                <SequencePoint vc="8" upsid="181" ordinal="6" sl="181" sc="1" el="181" ec="2" bec="0" bev="0" fileid="1" />
                <SequencePoint vc="8" upsid="182" ordinal="7" sl="182" sc="1" el="182" ec="2" bec="0" bev="0" fileid="1" />
              </SequencePoints>
              <BranchPoints>
                <BranchPoint vc="1" upsid="175" ordinal="0" path="0" offset="10" offsetend="12" sl="175" fileid="1" />
                <BranchPoint vc="127" upsid="175" ordinal="1" path="1" offset="10" offsetend="42" sl="175" fileid="1" />
              </BranchPoints>
              <MethodPoint vc="8" upsid="0" p8:type="SequencePoint" ordinal="6" offset="6" sc="0" sl="174" ec="1" el="182" bec="0" bev="0" fileid="1" xmlns:p8="xsi" />
            </Method>
            <Method cyclomaticComplexity="0" nPathComplexity="0" sequenceCoverage="1" branchCoverage="0,75" isConstructor="False" isGetter="False" isSetter="False" isStatic="True">
              <Summary numSequencePoints="12" visitedSequencePoints="12" numBranchPoints="4" visitedBranchPoints="3" sequenceCoverage="1" branchCoverage="0,75" maxCyclomaticComplexity="0" minCyclomaticComplexity="0" visitedClasses="0" numClasses="0" visitedMethods="1" numMethods="1" />
              <MetadataToken />
              <Name>lab5.LongNumber lab5.LongNumber::Add(lab5.LongNumber,lab5.LongNumber)</Name>
              <FileRef uid="1" />
              <SequencePoints>
                <SequencePoint vc="248" upsid="185" ordinal="0" sl="185" sc="1" el="185" ec="2" bec="0" bev="0" fileid="1" />
                <SequencePoint vc="248" upsid="187" ordinal="1" sl="187" sc="1" el="187" ec="2" bec="0" bev="0" fileid="1" />
                <SequencePoint vc="248" upsid="188" ordinal="2" sl="188" sc="1" el="188" ec="2" bec="0" bev="0" fileid="1" />
                <SequencePoint vc="992" upsid="189" ordinal="3" sl="189" sc="1" el="189" ec="2" bec="0" bev="0" fileid="1" />
                <SequencePoint vc="248" upsid="190" ordinal="4" sl="190" sc="1" el="190" ec="2" bec="0" bev="0" fileid="1" />
                <SequencePoint vc="248" upsid="191" ordinal="5" sl="191" sc="1" el="191" ec="2" bec="0" bev="0" fileid="1" />
                <SequencePoint vc="248" upsid="192" ordinal="6" sl="192" sc="1" el="192" ec="2" bec="0" bev="0" fileid="1" />
                <SequencePoint vc="248" upsid="193" ordinal="7" sl="193" sc="1" el="193" ec="2" bec="0" bev="0" fileid="1" />
                <SequencePoint vc="248" upsid="194" ordinal="8" sl="194" sc="1" el="194" ec="2" bec="0" bev="0" fileid="1" />
                <SequencePoint vc="248" upsid="195" ordinal="9" sl="195" sc="1" el="195" ec="2" bec="0" bev="0" fileid="1" />
                <SequencePoint vc="248" upsid="197" ordinal="10" sl="197" sc="1" el="197" ec="2" bec="0" bev="0" fileid="1" />
                <SequencePoint vc="248" upsid="198" ordinal="11" sl="198" sc="1" el="198" ec="2" bec="0" bev="0" fileid="1" />
              </SequencePoints>
              <BranchPoints>
                <BranchPoint vc="2147483647" upsid="189" ordinal="3" path="1" offset="102" offsetend="19" sl="189" fileid="1" />
                <BranchPoint vc="2147483647" upsid="189" ordinal="2" path="0" offset="102" offsetend="104" sl="189" fileid="1" />
                <BranchPoint vc="2147483647" upsid="191" ordinal="0" path="0" offset="46" offsetend="48" sl="191" fileid="1" />
                <BranchPoint vc="0" upsid="191" ordinal="1" path="1" offset="46" offsetend="51" sl="191" fileid="1" />
              </BranchPoints>
              <MethodPoint vc="12" upsid="0" p8:type="SequencePoint" ordinal="7" offset="7" sc="0" sl="185" ec="1" el="198" bec="0" bev="0" fileid="1" xmlns:p8="xsi" />
            </Method>
            <Method cyclomaticComplexity="0" nPathComplexity="0" sequenceCoverage="1" branchCoverage="1" isConstructor="False" isGetter="False" isSetter="False" isStatic="True">
              <Summary numSequencePoints="21" visitedSequencePoints="21" numBranchPoints="12" visitedBranchPoints="12" sequenceCoverage="1" branchCoverage="1" maxCyclomaticComplexity="0" minCyclomaticComplexity="0" visitedClasses="0" numClasses="0" visitedMethods="1" numMethods="1" />
              <MetadataToken />
              <Name>lab5.LongNumber lab5.LongNumber::Subtract(lab5.LongNumber,lab5.LongNumber)</Name>
              <FileRef uid="1" />
              <SequencePoints>
                <SequencePoint vc="102" upsid="201" ordinal="0" sl="201" sc="1" el="201" ec="2" bec="0" bev="0" fileid="1" />
                <SequencePoint vc="102" upsid="202" ordinal="1" sl="202" sc="1" el="202" ec="2" bec="0" bev="0" fileid="1" />
                <SequencePoint vc="102" upsid="203" ordinal="2" sl="203" sc="1" el="203" ec="2" bec="0" bev="0" fileid="1" />
                <SequencePoint vc="592" upsid="204" ordinal="3" sl="204" sc="1" el="204" ec="2" bec="0" bev="0" fileid="1" />
                <SequencePoint vc="194" upsid="205" ordinal="4" sl="205" sc="1" el="205" ec="2" bec="0" bev="0" fileid="1" />
                <SequencePoint vc="194" upsid="206" ordinal="5" sl="206" sc="1" el="206" ec="2" bec="0" bev="0" fileid="1" />
                <SequencePoint vc="194" upsid="207" ordinal="6" sl="207" sc="1" el="207" ec="2" bec="0" bev="0" fileid="1" />
                <SequencePoint vc="194" upsid="208" ordinal="7" sl="208" sc="1" el="208" ec="2" bec="0" bev="0" fileid="1" />
                <SequencePoint vc="194" upsid="209" ordinal="8" sl="209" sc="1" el="209" ec="2" bec="0" bev="0" fileid="1" />
                <SequencePoint vc="102" upsid="210" ordinal="9" sl="210" sc="1" el="210" ec="2" bec="0" bev="0" fileid="1" />
                <SequencePoint vc="103" upsid="211" ordinal="10" sl="211" sc="1" el="211" ec="2" bec="0" bev="0" fileid="1" />
                <SequencePoint vc="1" upsid="212" ordinal="11" sl="212" sc="1" el="212" ec="2" bec="0" bev="0" fileid="1" />
                <SequencePoint vc="2" upsid="213" ordinal="12" sl="213" sc="1" el="213" ec="2" bec="0" bev="0" fileid="1" />
                <SequencePoint vc="1" upsid="214" ordinal="13" sl="214" sc="1" el="214" ec="2" bec="0" bev="0" fileid="1" />
                <SequencePoint vc="1" upsid="215" ordinal="14" sl="215" sc="1" el="215" ec="2" bec="0" bev="0" fileid="1" />
                <SequencePoint vc="1" upsid="216" ordinal="15" sl="216" sc="1" el="216" ec="2" bec="0" bev="0" fileid="1" />
                <SequencePoint vc="102" upsid="217" ordinal="16" sl="217" sc="1" el="217" ec="2" bec="0" bev="0" fileid="1" />
                <SequencePoint vc="240" upsid="218" ordinal="17" sl="218" sc="1" el="218" ec="2" bec="0" bev="0" fileid="1" />
                <SequencePoint vc="102" upsid="219" ordinal="18" sl="219" sc="1" el="219" ec="2" bec="0" bev="0" fileid="1" />
                <SequencePoint vc="102" upsid="221" ordinal="19" sl="221" sc="1" el="221" ec="2" bec="0" bev="0" fileid="1" />
                <SequencePoint vc="102" upsid="222" ordinal="20" sl="222" sc="1" el="222" ec="2" bec="0" bev="0" fileid="1" />
              </SequencePoints>
              <BranchPoints>
                <BranchPoint vc="2147483647" upsid="204" ordinal="3" path="1" offset="135" offsetend="20" sl="204" fileid="1" />
                <BranchPoint vc="2147483647" upsid="204" ordinal="2" path="0" offset="135" offsetend="137" sl="204" fileid="1" />
                <BranchPoint vc="2147483647" upsid="207" ordinal="0" path="0" offset="90" offsetend="92" sl="207" fileid="1" />
                <BranchPoint vc="3" upsid="207" ordinal="1" path="1" offset="90" offsetend="95" sl="207" fileid="1" />
                <BranchPoint vc="1" upsid="211" ordinal="7" path="1" offset="218" offsetend="151" sl="211" fileid="1" />
                <BranchPoint vc="2147483647" upsid="211" ordinal="6" path="0" offset="218" offsetend="220" sl="211" fileid="1" />
                <BranchPoint vc="1" upsid="213" ordinal="4" path="0" offset="171" offsetend="173" sl="213" fileid="1" />
                <BranchPoint vc="1" upsid="213" ordinal="5" path="1" offset="171" offsetend="175" sl="213" fileid="1" />
                <BranchPoint vc="2147483647" upsid="218" ordinal="11" path="1" offset="264" offsetend="234" sl="218" fileid="1" />
                <BranchPoint vc="2147483647" upsid="218" ordinal="8" path="0" offset="236" offsetend="238" sl="218" fileid="1" />
                <BranchPoint vc="2147483647" upsid="218" ordinal="9" path="1" offset="236" offsetend="259" sl="218" fileid="1" />
                <BranchPoint vc="2147483647" upsid="218" ordinal="10" path="0" offset="264" offsetend="266" sl="218" fileid="1" />
              </BranchPoints>
              <MethodPoint vc="21" upsid="0" p8:type="SequencePoint" ordinal="8" offset="8" sc="0" sl="201" ec="1" el="222" bec="0" bev="0" fileid="1" xmlns:p8="xsi" />
            </Method>
            <Method cyclomaticComplexity="0" nPathComplexity="0" sequenceCoverage="1" branchCoverage="1" isConstructor="False" isGetter="False" isSetter="False" isStatic="True">
              <Summary numSequencePoints="12" visitedSequencePoints="12" numBranchPoints="18" visitedBranchPoints="18" sequenceCoverage="1" branchCoverage="1" maxCyclomaticComplexity="0" minCyclomaticComplexity="0" visitedClasses="0" numClasses="0" visitedMethods="1" numMethods="1" />
              <MetadataToken />
              <Name>System.Int32 lab5.LongNumber::AbsCompare(lab5.LongNumber,lab5.LongNumber)</Name>
              <FileRef uid="1" />
              <SequencePoints>
                <SequencePoint vc="1157" upsid="226" ordinal="0" sl="226" sc="1" el="226" ec="2" bec="0" bev="0" fileid="1" />
                <SequencePoint vc="1160" upsid="227" ordinal="1" sl="227" sc="1" el="227" ec="2" bec="0" bev="0" fileid="1" />
                <SequencePoint vc="1168" upsid="228" ordinal="2" sl="228" sc="1" el="228" ec="2" bec="0" bev="0" fileid="1" />
                <SequencePoint vc="1299" upsid="229" ordinal="3" sl="229" sc="1" el="229" ec="2" bec="0" bev="0" fileid="1" />
                <SequencePoint vc="1041" upsid="230" ordinal="4" sl="230" sc="1" el="230" ec="2" bec="0" bev="0" fileid="1" />
                <SequencePoint vc="2370" upsid="231" ordinal="5" sl="231" sc="1" el="231" ec="2" bec="0" bev="0" fileid="1" />
                <SequencePoint vc="1117" upsid="232" ordinal="6" sl="232" sc="1" el="232" ec="2" bec="0" bev="0" fileid="1" />
                <SequencePoint vc="1622" upsid="233" ordinal="7" sl="233" sc="1" el="233" ec="2" bec="0" bev="0" fileid="1" />
                <SequencePoint vc="960" upsid="234" ordinal="8" sl="234" sc="1" el="234" ec="2" bec="0" bev="0" fileid="1" />
                <SequencePoint vc="264" upsid="235" ordinal="9" sl="235" sc="1" el="235" ec="2" bec="0" bev="0" fileid="1" />
                <SequencePoint vc="68" upsid="236" ordinal="10" sl="236" sc="1" el="236" ec="2" bec="0" bev="0" fileid="1" />
                <SequencePoint vc="1157" upsid="237" ordinal="11" sl="237" sc="1" el="237" ec="2" bec="0" bev="0" fileid="1" />
              </SequencePoints>
              <BranchPoints>
                <BranchPoint vc="127" upsid="227" ordinal="0" path="0" offset="7" offsetend="9" sl="227" fileid="1" />
                <BranchPoint vc="2147483647" upsid="227" ordinal="1" path="1" offset="7" offsetend="20" sl="227" fileid="1" />
                <BranchPoint vc="7" upsid="227" ordinal="2" path="0" offset="23" offsetend="25" sl="227" fileid="1" />
                <BranchPoint vc="2147483647" upsid="227" ordinal="3" path="1" offset="23" offsetend="32" sl="227" fileid="1" />
                <BranchPoint vc="2147483647" upsid="228" ordinal="4" path="0" offset="38" offsetend="40" sl="228" fileid="1" />
                <BranchPoint vc="15" upsid="228" ordinal="5" path="1" offset="38" offsetend="48" sl="228" fileid="1" />
                <BranchPoint vc="16383" upsid="228" ordinal="6" path="0" offset="51" offsetend="53" sl="228" fileid="1" />
                <BranchPoint vc="2147483647" upsid="228" ordinal="7" path="1" offset="51" offsetend="60" sl="228" fileid="1" />
                <BranchPoint vc="2147483647" upsid="229" ordinal="8" path="0" offset="86" offsetend="88" sl="229" fileid="1" />
                <BranchPoint vc="2147483647" upsid="229" ordinal="9" path="1" offset="86" offsetend="95" sl="229" fileid="1" />
                <BranchPoint vc="2147483647" upsid="230" ordinal="10" path="0" offset="123" offsetend="125" sl="230" fileid="1" />
                <BranchPoint vc="2147483647" upsid="230" ordinal="11" path="1" offset="123" offsetend="129" sl="230" fileid="1" />
                <BranchPoint vc="2147483647" upsid="231" ordinal="17" path="1" offset="242" offsetend="146" sl="231" fileid="1" />
                <BranchPoint vc="2147483647" upsid="231" ordinal="16" path="0" offset="242" offsetend="244" sl="231" fileid="1" />
                <BranchPoint vc="2147483647" upsid="233" ordinal="12" path="0" offset="179" offsetend="181" sl="233" fileid="1" />
                <BranchPoint vc="2147483647" upsid="233" ordinal="13" path="1" offset="179" offsetend="185" sl="233" fileid="1" />
                <BranchPoint vc="2147483647" upsid="234" ordinal="14" path="0" offset="217" offsetend="219" sl="234" fileid="1" />
                <BranchPoint vc="2147483647" upsid="234" ordinal="15" path="1" offset="217" offsetend="223" sl="234" fileid="1" />
              </BranchPoints>
              <MethodPoint vc="12" upsid="0" p8:type="SequencePoint" ordinal="9" offset="9" sc="0" sl="226" ec="1" el="237" bec="0" bev="0" fileid="1" xmlns:p8="xsi" />
            </Method>
            <Method cyclomaticComplexity="0" nPathComplexity="0" sequenceCoverage="1" branchCoverage="1" isConstructor="False" isGetter="False" isSetter="False" isStatic="True">
              <Summary numSequencePoints="10" visitedSequencePoints="10" numBranchPoints="6" visitedBranchPoints="6" sequenceCoverage="1" branchCoverage="1" maxCyclomaticComplexity="0" minCyclomaticComplexity="0" visitedClasses="0" numClasses="0" visitedMethods="1" numMethods="1" />
              <MetadataToken />
              <Name>System.Boolean lab5.LongNumber::op_GreaterThan(lab5.LongNumber,lab5.LongNumber)</Name>
              <FileRef uid="1" />
              <SequencePoints>
                <SequencePoint vc="16" upsid="241" ordinal="0" sl="241" sc="1" el="241" ec="2" bec="0" bev="0" fileid="1" />
                <SequencePoint vc="16" upsid="242" ordinal="1" sl="242" sc="1" el="242" ec="2" bec="0" bev="0" fileid="1" />
                <SequencePoint vc="8" upsid="243" ordinal="2" sl="243" sc="1" el="243" ec="2" bec="0" bev="0" fileid="1" />
                <SequencePoint vc="8" upsid="244" ordinal="3" sl="244" sc="1" el="244" ec="2" bec="0" bev="0" fileid="1" />
                <SequencePoint vc="4" upsid="245" ordinal="4" sl="245" sc="1" el="245" ec="2" bec="0" bev="0" fileid="1" />
                <SequencePoint vc="4" upsid="247" ordinal="5" sl="247" sc="1" el="247" ec="2" bec="0" bev="0" fileid="1" />
                <SequencePoint vc="8" upsid="250" ordinal="6" sl="250" sc="1" el="250" ec="2" bec="0" bev="0" fileid="1" />
                <SequencePoint vc="4" upsid="251" ordinal="7" sl="251" sc="1" el="251" ec="2" bec="0" bev="0" fileid="1" />
                <SequencePoint vc="4" upsid="253" ordinal="8" sl="253" sc="1" el="253" ec="2" bec="0" bev="0" fileid="1" />
                <SequencePoint vc="16" upsid="254" ordinal="9" sl="254" sc="1" el="254" ec="2" bec="0" bev="0" fileid="1" />
              </SequencePoints>
              <BranchPoints>
                <BranchPoint vc="255" upsid="242" ordinal="0" path="0" offset="9" offsetend="11" sl="242" fileid="1" />
                <BranchPoint vc="255" upsid="242" ordinal="1" path="1" offset="9" offsetend="39" sl="242" fileid="1" />
                <BranchPoint vc="15" upsid="244" ordinal="2" path="0" offset="20" offsetend="22" sl="244" fileid="1" />
                <BranchPoint vc="15" upsid="244" ordinal="3" path="1" offset="20" offsetend="35" sl="244" fileid="1" />
                <BranchPoint vc="15" upsid="250" ordinal="4" path="0" offset="47" offsetend="49" sl="250" fileid="1" />
                <BranchPoint vc="15" upsid="250" ordinal="5" path="1" offset="47" offsetend="53" sl="250" fileid="1" />
              </BranchPoints>
              <MethodPoint vc="10" upsid="0" p8:type="SequencePoint" ordinal="10" offset="10" sc="0" sl="241" ec="1" el="254" bec="0" bev="0" fileid="1" xmlns:p8="xsi" />
            </Method>
            <Method cyclomaticComplexity="0" nPathComplexity="0" sequenceCoverage="1" branchCoverage="0" isConstructor="False" isGetter="False" isSetter="False" isStatic="True">
              <Summary numSequencePoints="3" visitedSequencePoints="3" numBranchPoints="0" visitedBranchPoints="0" sequenceCoverage="1" branchCoverage="0" maxCyclomaticComplexity="0" minCyclomaticComplexity="0" visitedClasses="0" numClasses="0" visitedMethods="1" numMethods="1" />
              <MetadataToken />
              <Name>System.Boolean lab5.LongNumber::op_LessThan(lab5.LongNumber,lab5.LongNumber)</Name>
              <FileRef uid="1" />
              <SequencePoints>
                <SequencePoint vc="8" upsid="257" ordinal="0" sl="257" sc="1" el="257" ec="2" bec="0" bev="0" fileid="1" />
                <SequencePoint vc="8" upsid="258" ordinal="1" sl="258" sc="1" el="258" ec="2" bec="0" bev="0" fileid="1" />
                <SequencePoint vc="8" upsid="259" ordinal="2" sl="259" sc="1" el="259" ec="2" bec="0" bev="0" fileid="1" />
              </SequencePoints>
              <BranchPoints />
              <MethodPoint vc="3" upsid="0" p8:type="SequencePoint" ordinal="11" offset="11" sc="0" sl="257" ec="1" el="259" bec="0" bev="0" fileid="1" xmlns:p8="xsi" />
            </Method>
            <Method cyclomaticComplexity="0" nPathComplexity="0" sequenceCoverage="1" branchCoverage="0,5" isConstructor="False" isGetter="False" isSetter="False" isStatic="True">
              <Summary numSequencePoints="3" visitedSequencePoints="3" numBranchPoints="2" visitedBranchPoints="1" sequenceCoverage="1" branchCoverage="0,5" maxCyclomaticComplexity="0" minCyclomaticComplexity="0" visitedClasses="0" numClasses="0" visitedMethods="1" numMethods="1" />
              <MetadataToken />
              <Name>System.Boolean lab5.LongNumber::op_LessThanOrEqual(lab5.LongNumber,lab5.LongNumber)</Name>
              <FileRef uid="1" />
              <SequencePoints>
                <SequencePoint vc="3" upsid="262" ordinal="0" sl="262" sc="1" el="262" ec="2" bec="0" bev="0" fileid="1" />
                <SequencePoint vc="3" upsid="263" ordinal="1" sl="263" sc="1" el="263" ec="2" bec="0" bev="0" fileid="1" />
                <SequencePoint vc="3" upsid="264" ordinal="2" sl="264" sc="1" el="264" ec="2" bec="0" bev="0" fileid="1" />
              </SequencePoints>
              <BranchPoints>
                <BranchPoint vc="0" upsid="263" ordinal="0" path="0" offset="8" offsetend="10" sl="263" fileid="1" />
                <BranchPoint vc="7" upsid="263" ordinal="1" path="1" offset="8" offsetend="19" sl="263" fileid="1" />
              </BranchPoints>
              <MethodPoint vc="3" upsid="0" p8:type="SequencePoint" ordinal="12" offset="12" sc="0" sl="262" ec="1" el="264" bec="0" bev="0" fileid="1" xmlns:p8="xsi" />
            </Method>
            <Method cyclomaticComplexity="0" nPathComplexity="0" sequenceCoverage="1" branchCoverage="0,5" isConstructor="False" isGetter="False" isSetter="False" isStatic="True">
              <Summary numSequencePoints="3" visitedSequencePoints="3" numBranchPoints="2" visitedBranchPoints="1" sequenceCoverage="1" branchCoverage="0,5" maxCyclomaticComplexity="0" minCyclomaticComplexity="0" visitedClasses="0" numClasses="0" visitedMethods="1" numMethods="1" />
              <MetadataToken />
              <Name>System.Boolean lab5.LongNumber::op_GreaterThanOrEqual(lab5.LongNumber,lab5.LongNumber)</Name>
              <FileRef uid="1" />
              <SequencePoints>
                <SequencePoint vc="3" upsid="267" ordinal="0" sl="267" sc="1" el="267" ec="2" bec="0" bev="0" fileid="1" />
                <SequencePoint vc="3" upsid="268" ordinal="1" sl="268" sc="1" el="268" ec="2" bec="0" bev="0" fileid="1" />
                <SequencePoint vc="3" upsid="269" ordinal="2" sl="269" sc="1" el="269" ec="2" bec="0" bev="0" fileid="1" />
              </SequencePoints>
              <BranchPoints>
                <BranchPoint vc="0" upsid="268" ordinal="0" path="0" offset="8" offsetend="10" sl="268" fileid="1" />
                <BranchPoint vc="7" upsid="268" ordinal="1" path="1" offset="8" offsetend="19" sl="268" fileid="1" />
              </BranchPoints>
              <MethodPoint vc="3" upsid="0" p8:type="SequencePoint" ordinal="13" offset="13" sc="0" sl="267" ec="1" el="269" bec="0" bev="0" fileid="1" xmlns:p8="xsi" />
            </Method>
            <Method cyclomaticComplexity="0" nPathComplexity="0" sequenceCoverage="1" branchCoverage="1" isConstructor="False" isGetter="False" isSetter="False" isStatic="True">
              <Summary numSequencePoints="4" visitedSequencePoints="4" numBranchPoints="2" visitedBranchPoints="2" sequenceCoverage="1" branchCoverage="1" maxCyclomaticComplexity="0" minCyclomaticComplexity="0" visitedClasses="0" numClasses="0" visitedMethods="1" numMethods="1" />
              <MetadataToken />
              <Name>System.Boolean lab5.LongNumber::op_Equality(lab5.LongNumber,lab5.LongNumber)</Name>
              <FileRef uid="1" />
              <SequencePoints>
                <SequencePoint vc="27" upsid="272" ordinal="0" sl="272" sc="1" el="272" ec="2" bec="0" bev="0" fileid="1" />
                <SequencePoint vc="34" upsid="273" ordinal="1" sl="273" sc="1" el="273" ec="2" bec="0" bev="0" fileid="1" />
                <SequencePoint vc="20" upsid="275" ordinal="2" sl="275" sc="1" el="275" ec="2" bec="0" bev="0" fileid="1" />
                <SequencePoint vc="27" upsid="276" ordinal="3" sl="276" sc="1" el="276" ec="2" bec="0" bev="0" fileid="1" />
              </SequencePoints>
              <BranchPoints>
                <BranchPoint vc="127" upsid="273" ordinal="0" path="0" offset="20" offsetend="22" sl="273" fileid="1" />
                <BranchPoint vc="1048575" upsid="273" ordinal="1" path="1" offset="20" offsetend="26" sl="273" fileid="1" />
              </BranchPoints>
              <MethodPoint vc="4" upsid="0" p8:type="SequencePoint" ordinal="14" offset="14" sc="0" sl="272" ec="1" el="276" bec="0" bev="0" fileid="1" xmlns:p8="xsi" />
            </Method>
            <Method cyclomaticComplexity="0" nPathComplexity="0" sequenceCoverage="1" branchCoverage="0" isConstructor="False" isGetter="False" isSetter="False" isStatic="True">
              <Summary numSequencePoints="3" visitedSequencePoints="3" numBranchPoints="0" visitedBranchPoints="0" sequenceCoverage="1" branchCoverage="0" maxCyclomaticComplexity="0" minCyclomaticComplexity="0" visitedClasses="0" numClasses="0" visitedMethods="1" numMethods="1" />
              <MetadataToken />
              <Name>System.Boolean lab5.LongNumber::op_Inequality(lab5.LongNumber,lab5.LongNumber)</Name>
              <FileRef uid="1" />
              <SequencePoints>
                <SequencePoint vc="6" upsid="279" ordinal="0" sl="279" sc="1" el="279" ec="2" bec="0" bev="0" fileid="1" />
                <SequencePoint vc="6" upsid="280" ordinal="1" sl="280" sc="1" el="280" ec="2" bec="0" bev="0" fileid="1" />
                <SequencePoint vc="6" upsid="281" ordinal="2" sl="281" sc="1" el="281" ec="2" bec="0" bev="0" fileid="1" />
              </SequencePoints>
              <BranchPoints />
              <MethodPoint vc="3" upsid="0" p8:type="SequencePoint" ordinal="15" offset="15" sc="0" sl="279" ec="1" el="281" bec="0" bev="0" fileid="1" xmlns:p8="xsi" />
            </Method>
            <Method cyclomaticComplexity="0" nPathComplexity="0" sequenceCoverage="1" branchCoverage="1" isConstructor="False" isGetter="False" isSetter="False" isStatic="True">
              <Summary numSequencePoints="14" visitedSequencePoints="14" numBranchPoints="4" visitedBranchPoints="4" sequenceCoverage="1" branchCoverage="1" maxCyclomaticComplexity="0" minCyclomaticComplexity="0" visitedClasses="0" numClasses="0" visitedMethods="1" numMethods="1" />
              <MetadataToken />
              <Name>System.String lab5.LongNumber::ToString()</Name>
              <FileRef uid="1" />
              <SequencePoints>
                <SequencePoint vc="73" upsid="284" ordinal="0" sl="284" sc="1" el="284" ec="2" bec="0" bev="0" fileid="1" />
                <SequencePoint vc="73" upsid="285" ordinal="1" sl="285" sc="1" el="285" ec="2" bec="0" bev="0" fileid="1" />
                <SequencePoint vc="73" upsid="286" ordinal="2" sl="286" sc="1" el="286" ec="2" bec="0" bev="0" fileid="1" />
                <SequencePoint vc="73" upsid="287" ordinal="3" sl="287" sc="1" el="287" ec="2" bec="0" bev="0" fileid="1" />
                <SequencePoint vc="73" upsid="288" ordinal="4" sl="288" sc="1" el="288" ec="2" bec="0" bev="0" fileid="1" />
                <SequencePoint vc="130" upsid="289" ordinal="5" sl="289" sc="1" el="289" ec="2" bec="0" bev="0" fileid="1" />
                <SequencePoint vc="57" upsid="290" ordinal="6" sl="290" sc="1" el="290" ec="2" bec="0" bev="0" fileid="1" />
                <SequencePoint vc="57" upsid="291" ordinal="7" sl="291" sc="1" el="291" ec="2" bec="0" bev="0" fileid="1" />
                <SequencePoint vc="57" upsid="292" ordinal="8" sl="292" sc="1" el="292" ec="2" bec="0" bev="0" fileid="1" />
                <SequencePoint vc="57" upsid="293" ordinal="9" sl="293" sc="1" el="293" ec="2" bec="0" bev="0" fileid="1" />
                <SequencePoint vc="57" upsid="294" ordinal="10" sl="294" sc="1" el="294" ec="2" bec="0" bev="0" fileid="1" />
                <SequencePoint vc="73" upsid="295" ordinal="11" sl="295" sc="1" el="295" ec="2" bec="0" bev="0" fileid="1" />
                <SequencePoint vc="73" upsid="296" ordinal="12" sl="296" sc="1" el="296" ec="2" bec="0" bev="0" fileid="1" />
                <SequencePoint vc="73" upsid="297" ordinal="13" sl="297" sc="1" el="297" ec="2" bec="0" bev="0" fileid="1" />
              </SequencePoints>
              <BranchPoints>
                <BranchPoint vc="2147483647" upsid="289" ordinal="3" path="1" offset="134" offsetend="51" sl="289" fileid="1" />
                <BranchPoint vc="2147483647" upsid="289" ordinal="0" path="0" offset="109" offsetend="111" sl="289" fileid="1" />
                <BranchPoint vc="262143" upsid="289" ordinal="1" path="1" offset="109" offsetend="129" sl="289" fileid="1" />
                <BranchPoint vc="2147483647" upsid="289" ordinal="2" path="0" offset="134" offsetend="136" sl="289" fileid="1" />
              </BranchPoints>
              <MethodPoint vc="14" upsid="0" p8:type="SequencePoint" ordinal="16" offset="16" sc="0" sl="284" ec="1" el="297" bec="0" bev="0" fileid="1" xmlns:p8="xsi" />
            </Method>
            <Method cyclomaticComplexity="0" nPathComplexity="0" sequenceCoverage="1" branchCoverage="1" isConstructor="False" isGetter="False" isSetter="False" isStatic="True">
              <Summary numSequencePoints="3" visitedSequencePoints="3" numBranchPoints="2" visitedBranchPoints="2" sequenceCoverage="1" branchCoverage="1" maxCyclomaticComplexity="0" minCyclomaticComplexity="0" visitedClasses="0" numClasses="0" visitedMethods="1" numMethods="1" />
              <MetadataToken />
              <Name>System.Char lab5.LongNumber::Sign()</Name>
              <FileRef uid="1" />
              <SequencePoints>
                <SequencePoint vc="73" upsid="300" ordinal="0" sl="300" sc="1" el="300" ec="2" bec="0" bev="0" fileid="1" />
                <SequencePoint vc="73" upsid="301" ordinal="1" sl="301" sc="1" el="301" ec="2" bec="0" bev="0" fileid="1" />
                <SequencePoint vc="73" upsid="302" ordinal="2" sl="302" sc="1" el="302" ec="2" bec="0" bev="0" fileid="1" />
              </SequencePoints>
              <BranchPoints>
                <BranchPoint vc="2147483647" upsid="301" ordinal="0" path="0" offset="7" offsetend="9" sl="301" fileid="1" />
                <BranchPoint vc="1023" upsid="301" ordinal="1" path="1" offset="7" offsetend="13" sl="301" fileid="1" />
              </BranchPoints>
              <MethodPoint vc="3" upsid="0" p8:type="SequencePoint" ordinal="17" offset="17" sc="0" sl="300" ec="1" el="302" bec="0" bev="0" fileid="1" xmlns:p8="xsi" />
            </Method>
            <Method cyclomaticComplexity="0" nPathComplexity="0" sequenceCoverage="1" branchCoverage="1" isConstructor="False" isGetter="False" isSetter="False" isStatic="True">
              <Summary numSequencePoints="14" visitedSequencePoints="14" numBranchPoints="8" visitedBranchPoints="8" sequenceCoverage="1" branchCoverage="1" maxCyclomaticComplexity="0" minCyclomaticComplexity="0" visitedClasses="0" numClasses="0" visitedMethods="1" numMethods="1" />
              <MetadataToken />
              <Name>lab5.LongNumber lab5.LongNumber::FromString(System.String)</Name>
              <FileRef uid="1" />
              <SequencePoints>
                <SequencePoint vc="144" upsid="305" ordinal="0" sl="305" sc="1" el="305" ec="2" bec="0" bev="0" fileid="1" />
                <SequencePoint vc="144" upsid="306" ordinal="1" sl="306" sc="1" el="306" ec="2" bec="0" bev="0" fileid="1" />
                <SequencePoint vc="113" upsid="307" ordinal="2" sl="307" sc="1" el="307" ec="2" bec="0" bev="0" fileid="1" />
                <SequencePoint vc="113" upsid="308" ordinal="3" sl="308" sc="1" el="308" ec="2" bec="0" bev="0" fileid="1" />
                <SequencePoint vc="113" upsid="309" ordinal="4" sl="309" sc="1" el="309" ec="2" bec="0" bev="0" fileid="1" />
                <SequencePoint vc="144" upsid="310" ordinal="5" sl="310" sc="1" el="310" ec="2" bec="0" bev="0" fileid="1" />
                <SequencePoint vc="770" upsid="311" ordinal="6" sl="311" sc="1" el="311" ec="2" bec="0" bev="0" fileid="1" />
                <SequencePoint vc="241" upsid="312" ordinal="7" sl="312" sc="1" el="312" ec="2" bec="0" bev="0" fileid="1" />
                <SequencePoint vc="241" upsid="313" ordinal="8" sl="313" sc="1" el="313" ec="2" bec="0" bev="0" fileid="1" />
                <SequencePoint vc="241" upsid="314" ordinal="9" sl="314" sc="1" el="314" ec="2" bec="0" bev="0" fileid="1" />
                <SequencePoint vc="241" upsid="315" ordinal="10" sl="315" sc="1" el="315" ec="2" bec="0" bev="0" fileid="1" />
                <SequencePoint vc="144" upsid="316" ordinal="11" sl="316" sc="1" el="316" ec="2" bec="0" bev="0" fileid="1" />
                <SequencePoint vc="144" upsid="317" ordinal="12" sl="317" sc="1" el="317" ec="2" bec="0" bev="0" fileid="1" />
                <SequencePoint vc="144" upsid="318" ordinal="13" sl="318" sc="1" el="318" ec="2" bec="0" bev="0" fileid="1" />
              </SequencePoints>
              <BranchPoints>
                <BranchPoint vc="2147483647" upsid="306" ordinal="0" path="0" offset="7" offsetend="9" sl="306" fileid="1" />
                <BranchPoint vc="2147483647" upsid="306" ordinal="2" path="0" offset="18" offsetend="20" sl="306" fileid="1" />
                <BranchPoint vc="134217727" upsid="306" ordinal="1" path="1" offset="7" offsetend="36" sl="306" fileid="1" />
                <BranchPoint vc="134217727" upsid="306" ordinal="3" path="1" offset="18" offsetend="36" sl="306" fileid="1" />
                <BranchPoint vc="2147483647" upsid="306" ordinal="4" path="0" offset="39" offsetend="41" sl="306" fileid="1" />
                <BranchPoint vc="2147483647" upsid="306" ordinal="5" path="1" offset="39" offsetend="56" sl="306" fileid="1" />
                <BranchPoint vc="2147483647" upsid="311" ordinal="7" path="1" offset="140" offsetend="79" sl="311" fileid="1" />
                <BranchPoint vc="2147483647" upsid="311" ordinal="6" path="0" offset="140" offsetend="142" sl="311" fileid="1" />
              </BranchPoints>
              <MethodPoint vc="14" upsid="0" p8:type="SequencePoint" ordinal="18" offset="18" sc="0" sl="305" ec="1" el="318" bec="0" bev="0" fileid="1" xmlns:p8="xsi" />
            </Method>
          </Methods>
        </Class>
        <Class>
          <Summary numSequencePoints="5" visitedSequencePoints="5" numBranchPoints="0" visitedBranchPoints="0" sequenceCoverage="1" branchCoverage="0" maxCyclomaticComplexity="0" minCyclomaticComplexity="0" visitedClasses="1" numClasses="1" visitedMethods="3" numMethods="3" />
          <FullName>lab5.Cont`2</FullName>
          <Methods>
            <Method cyclomaticComplexity="0" nPathComplexity="0" sequenceCoverage="1" branchCoverage="0" isConstructor="False" isGetter="True" isSetter="False" isStatic="True">
              <Summary numSequencePoints="1" visitedSequencePoints="1" numBranchPoints="0" visitedBranchPoints="0" sequenceCoverage="1" branchCoverage="0" maxCyclomaticComplexity="0" minCyclomaticComplexity="0" visitedClasses="0" numClasses="0" visitedMethods="1" numMethods="1" />
              <MetadataToken />
              <Name>T1 lab5.Cont`2::get_Second()</Name>
              <FileRef uid="1" />
              <SequencePoints>
                <SequencePoint vc="332" upsid="329" ordinal="0" sl="329" sc="1" el="329" ec="2" bec="0" bev="0" fileid="1" />
              </SequencePoints>
              <BranchPoints />
              <MethodPoint vc="1" upsid="0" p8:type="SequencePoint" ordinal="0" offset="0" sc="0" sl="329" ec="1" el="329" bec="0" bev="0" fileid="1" xmlns:p8="xsi" />
            </Method>
            <Method cyclomaticComplexity="0" nPathComplexity="0" sequenceCoverage="1" branchCoverage="0" isConstructor="False" isGetter="True" isSetter="False" isStatic="True">
              <Summary numSequencePoints="1" visitedSequencePoints="1" numBranchPoints="0" visitedBranchPoints="0" sequenceCoverage="1" branchCoverage="0" maxCyclomaticComplexity="0" minCyclomaticComplexity="0" visitedClasses="0" numClasses="0" visitedMethods="1" numMethods="1" />
              <MetadataToken />
              <Name>T lab5.Cont`2::get_First()</Name>
              <FileRef uid="1" />
              <SequencePoints>
                <SequencePoint vc="332" upsid="331" ordinal="0" sl="331" sc="1" el="331" ec="2" bec="0" bev="0" fileid="1" />
              </SequencePoints>
              <BranchPoints />
              <MethodPoint vc="1" upsid="0" p8:type="SequencePoint" ordinal="1" offset="1" sc="0" sl="331" ec="1" el="331" bec="0" bev="0" fileid="1" xmlns:p8="xsi" />
            </Method>
            <Method cyclomaticComplexity="0" nPathComplexity="0" sequenceCoverage="1" branchCoverage="0" isConstructor="False" isGetter="False" isSetter="False" isStatic="True">
              <Summary numSequencePoints="3" visitedSequencePoints="3" numBranchPoints="0" visitedBranchPoints="0" sequenceCoverage="1" branchCoverage="0" maxCyclomaticComplexity="0" minCyclomaticComplexity="0" visitedClasses="0" numClasses="0" visitedMethods="1" numMethods="1" />
              <MetadataToken />
              <Name>System.String lab5.Cont`2::ToString()</Name>
              <FileRef uid="1" />
              <SequencePoints>
                <SequencePoint vc="16" upsid="334" ordinal="0" sl="334" sc="1" el="334" ec="2" bec="0" bev="0" fileid="1" />
                <SequencePoint vc="16" upsid="335" ordinal="1" sl="335" sc="1" el="335" ec="2" bec="0" bev="0" fileid="1" />
                <SequencePoint vc="16" upsid="336" ordinal="2" sl="336" sc="1" el="336" ec="2" bec="0" bev="0" fileid="1" />
              </SequencePoints>
              <BranchPoints />
              <MethodPoint vc="3" upsid="0" p8:type="SequencePoint" ordinal="2" offset="2" sc="0" sl="334" ec="1" el="336" bec="0" bev="0" fileid="1" xmlns:p8="xsi" />
            </Method>
          </Methods>
        </Class>
      </Classes>
    </Module>
  </Modules>
</CoverageSession>