<?xml version="1.0" encoding="utf-8"?>
<coverage line-rate="1" branch-rate="1" version="1.9" timestamp="1539700191" lines-covered="215" lines-valid="215" branches-covered="98" branches-valid="98">
  <sources>
    <source>D:\Studies\QualityControl\QualityControl\lab5\</source>
  </sources>
  <packages>
    <package name="lab5" line-rate="1" branch-rate="1" complexity="0">
      <classes>
        <class name="lab5.LongNumber" filename="LongNumber.cs" line-rate="1" branch-rate="1" complexity="0">
          <methods>
            <method name="op_Multiply" signature="(lab5.LongNumber,lab5.LongNumber)" line-rate="1" branch-rate="1">
              <lines>
                <line number="37" hits="11" branch="False" />
                <line number="39" hits="11" branch="False" />
                <line number="40" hits="11" branch="True" condition-coverage="100% (2/2)">
                  <conditions>
                    <condition number="19" type="jump" coverage="100%" />
                  </conditions>
                </line>
                <line number="41" hits="4" branch="False" />
                <line number="42" hits="4" branch="False" />
                <line number="43" hits="4" branch="False" />
                <line number="44" hits="4" branch="False" />
                <line number="45" hits="4" branch="False" />
                <line number="47" hits="46" branch="True" condition-coverage="100% (2/2)">
                  <conditions>
                    <condition number="89" type="jump" coverage="100%" />
                  </conditions>
                </line>
                <line number="48" hits="12" branch="False" />
                <line number="49" hits="11" branch="False" />
                <line number="50" hits="13" branch="True" condition-coverage="100% (4/4)">
                  <conditions>
                    <condition number="135" type="jump" coverage="100%" />
                    <condition number="107" type="jump" coverage="100%" />
                  </conditions>
                </line>
                <line number="51" hits="11" branch="False" />
                <line number="52" hits="11" branch="False" />
                <line number="53" hits="11" branch="False" />
                <line number="54" hits="11" branch="False" />
              </lines>
            </method>
            <method name="op_Multiply" signature="(lab5.LongNumber,System.Byte)" line-rate="1" branch-rate="1">
              <lines>
                <line number="58" hits="1120" branch="False" />
                <line number="59" hits="1120" branch="False" />
                <line number="60" hits="1120" branch="False" />
                <line number="61" hits="5004" branch="True" condition-coverage="100% (2/2)">
                  <conditions>
                    <condition number="102" type="jump" coverage="100%" />
                  </conditions>
                </line>
                <line number="62" hits="1382" branch="False" />
                <line number="63" hits="1382" branch="False" />
                <line number="64" hits="1382" branch="False" />
                <line number="65" hits="1382" branch="False" />
                <line number="66" hits="1382" branch="False" />
                <line number="67" hits="1382" branch="False" />
                <line number="68" hits="1557" branch="True" condition-coverage="100% (2/2)">
                  <conditions>
                    <condition number="112" type="jump" coverage="100%" />
                  </conditions>
                </line>
                <line number="71" hits="1119" branch="False" />
                <line number="72" hits="1119" branch="False" />
              </lines>
            </method>
            <method name="op_Division" signature="(lab5.LongNumber,lab5.LongNumber)" line-rate="1" branch-rate="1">
              <lines>
                <line number="76" hits="81" branch="False" />
                <line number="78" hits="81" branch="False" />
                <line number="79" hits="81" branch="False" />
                <line number="81" hits="81" branch="True" condition-coverage="100% (2/2)">
                  <conditions>
                    <condition number="39" type="jump" coverage="100%" />
                  </conditions>
                </line>
                <line number="82" hits="5" branch="False" />
                <line number="83" hits="5" branch="False" />
                <line number="84" hits="5" branch="False" />
                <line number="86" hits="76" branch="False" />
                <line number="88" hits="239" branch="True" condition-coverage="100% (2/2)">
                  <conditions>
                    <condition number="127" type="jump" coverage="100%" />
                  </conditions>
                </line>
                <line number="90" hits="206" branch="True" condition-coverage="100% (2/2)">
                  <conditions>
                    <condition number="235" type="jump" coverage="100%" />
                  </conditions>
                </line>
                <line number="91" hits="28" branch="False" />
                <line number="92" hits="28" branch="True" condition-coverage="100% (2/2)">
                  <conditions>
                    <condition number="149" type="jump" coverage="100%" />
                  </conditions>
                </line>
                <line number="93" hits="12" branch="False" />
                <line number="95" hits="16" branch="False" />
                <line number="96" hits="16" branch="False" />
                <line number="97" hits="15" branch="False" />
                <line number="98" hits="15" branch="False" />
                <line number="100" hits="15" branch="False" />
                <line number="101" hits="27" branch="False" />
                <line number="102" hits="27" branch="False" />
                <line number="104" hits="75" branch="False" />
                <line number="105" hits="75" branch="False" />
                <line number="106" hits="75" branch="False" />
                <line number="107" hits="75" branch="False" />
                <line number="108" hits="75" branch="False" />
                <line number="110" hits="75" branch="False" />
                <line number="111" hits="99" branch="True" condition-coverage="100% (2/2)">
                  <conditions>
                    <condition number="314" type="jump" coverage="100%" />
                  </conditions>
                </line>
                <line number="112" hits="75" branch="False" />
                <line number="113" hits="75" branch="False" />
                <line number="114" hits="75" branch="False" />
                <line number="115" hits="80" branch="False" />
              </lines>
            </method>
            <method name="getDivider" signature="(lab5.LongNumber,lab5.LongNumber)" line-rate="1" branch-rate="1">
              <lines>
                <line number="118" hits="91" branch="False" />
                <line number="119" hits="91" branch="False" />
                <line number="120" hits="91" branch="False" />
                <line number="121" hits="817" branch="True" condition-coverage="100% (2/2)">
                  <conditions>
                    <condition number="70" type="jump" coverage="100%" />
                  </conditions>
                </line>
                <line number="122" hits="727" branch="False" />
                <line number="123" hits="727" branch="False" />
                <line number="125" hits="726" branch="True" condition-coverage="100% (2/2)">
                  <conditions>
                    <condition number="39" type="jump" coverage="100%" />
                  </conditions>
                </line>
                <line number="126" hits="522" branch="False" />
                <line number="127" hits="522" branch="False" />
                <line number="128" hits="522" branch="False" />
                <line number="130" hits="204" branch="False" />
                <line number="131" hits="204" branch="False" />
                <line number="132" hits="204" branch="False" />
                <line number="133" hits="726" branch="False" />
                <line number="135" hits="90" branch="False" />
                <line number="136" hits="90" branch="False" />
                <line number="138" hits="90" branch="False" />
                <line number="139" hits="90" branch="False" />
              </lines>
            </method>
            <method name="multuADD" signature="(lab5.LongNumber,lab5.LongNumber,System.Int32)" line-rate="1" branch-rate="1">
              <lines>
                <line number="142" hits="12" branch="False" />
                <line number="144" hits="12" branch="False" />
                <line number="145" hits="60" branch="True" condition-coverage="100% (2/2)">
                  <conditions>
                    <condition number="126" type="jump" coverage="100%" />
                  </conditions>
                </line>
                <line number="146" hits="18" branch="False" />
                <line number="147" hits="34" branch="True" condition-coverage="100% (2/2)">
                  <conditions>
                    <condition number="28" type="jump" coverage="100%" />
                  </conditions>
                </line>
                <line number="148" hits="18" branch="True" condition-coverage="100% (2/2)">
                  <conditions>
                    <condition number="71" type="jump" coverage="100%" />
                  </conditions>
                </line>
                <line number="150" hits="18" branch="False" />
                <line number="151" hits="18" branch="False" />
                <line number="153" hits="18" branch="False" />
                <line number="154" hits="12" branch="False" />
                <line number="155" hits="12" branch="False" />
              </lines>
            </method>
            <method name="op_Addition" signature="(lab5.LongNumber,lab5.LongNumber)" line-rate="1" branch-rate="1">
              <lines>
                <line number="158" hits="310" branch="False" />
                <line number="160" hits="310" branch="True" condition-coverage="100% (2/2)">
                  <conditions>
                    <condition number="13" type="jump" coverage="100%" />
                  </conditions>
                </line>
                <line number="161" hits="154" branch="False" />
                <line number="162" hits="154" branch="False" />
                <line number="163" hits="154" branch="False" />
                <line number="164" hits="154" branch="False" />
                <line number="165" hits="154" branch="False" />
                <line number="166" hits="310" branch="True" condition-coverage="100% (2/2)">
                  <conditions>
                    <condition number="37" type="jump" coverage="100%" />
                  </conditions>
                </line>
                <line number="167" hits="310" branch="False" />
                <line number="168" hits="310" branch="False" />
                <line number="171" hits="310" branch="False" />
              </lines>
            </method>
            <method name="op_Subtraction" signature="(lab5.LongNumber,lab5.LongNumber)" line-rate="1" branch-rate="1">
              <lines>
                <line number="174" hits="8" branch="False" />
                <line number="175" hits="8" branch="True" condition-coverage="100% (2/2)">
                  <conditions>
                    <condition number="10" type="jump" coverage="100%" />
                  </conditions>
                </line>
                <line number="176" hits="1" branch="False" />
                <line number="178" hits="7" branch="False" />
                <line number="179" hits="8" branch="False" />
                <line number="180" hits="8" branch="False" />
                <line number="181" hits="8" branch="False" />
                <line number="182" hits="8" branch="False" />
              </lines>
            </method>
            <method name="Add" signature="(lab5.LongNumber,lab5.LongNumber)" line-rate="1" branch-rate="1">
              <lines>
                <line number="185" hits="300" branch="False" />
                <line number="187" hits="300" branch="False" />
                <line number="188" hits="300" branch="False" />
                <line number="189" hits="1202" branch="True" condition-coverage="100% (2/2)">
                  <conditions>
                    <condition number="102" type="jump" coverage="100%" />
                  </conditions>
                </line>
                <line number="190" hits="301" branch="False" />
                <line number="191" hits="301" branch="True" condition-coverage="100% (2/2)">
                  <conditions>
                    <condition number="46" type="jump" coverage="100%" />
                  </conditions>
                </line>
                <line number="192" hits="301" branch="False" />
                <line number="193" hits="301" branch="False" />
                <line number="194" hits="301" branch="False" />
                <line number="195" hits="300" branch="False" />
                <line number="197" hits="300" branch="False" />
                <line number="198" hits="300" branch="False" />
              </lines>
            </method>
            <method name="Subtract" signature="(lab5.LongNumber,lab5.LongNumber)" line-rate="1" branch-rate="1">
              <lines>
                <line number="201" hits="100" branch="False" />
                <line number="202" hits="100" branch="False" />
                <line number="203" hits="100" branch="False" />
                <line number="204" hits="498" branch="True" condition-coverage="100% (2/2)">
                  <conditions>
                    <condition number="135" type="jump" coverage="100%" />
                  </conditions>
                </line>
                <line number="205" hits="149" branch="False" />
                <line number="206" hits="149" branch="False" />
                <line number="207" hits="149" branch="True" condition-coverage="100% (2/2)">
                  <conditions>
                    <condition number="90" type="jump" coverage="100%" />
                  </conditions>
                </line>
                <line number="208" hits="149" branch="False" />
                <line number="209" hits="149" branch="False" />
                <line number="210" hits="100" branch="False" />
                <line number="211" hits="102" branch="True" condition-coverage="100% (2/2)">
                  <conditions>
                    <condition number="218" type="jump" coverage="100%" />
                  </conditions>
                </line>
                <line number="212" hits="2" branch="False" />
                <line number="213" hits="4" branch="True" condition-coverage="100% (2/2)">
                  <conditions>
                    <condition number="171" type="jump" coverage="100%" />
                  </conditions>
                </line>
                <line number="214" hits="2" branch="False" />
                <line number="215" hits="2" branch="False" />
                <line number="216" hits="2" branch="False" />
                <line number="217" hits="100" branch="False" />
                <line number="218" hits="228" branch="True" condition-coverage="100% (4/4)">
                  <conditions>
                    <condition number="264" type="jump" coverage="100%" />
                    <condition number="236" type="jump" coverage="100%" />
                  </conditions>
                </line>
                <line number="219" hits="100" branch="False" />
                <line number="221" hits="100" branch="False" />
                <line number="222" hits="100" branch="False" />
              </lines>
            </method>
            <method name="AbsCompare" signature="(lab5.LongNumber,lab5.LongNumber)" line-rate="1" branch-rate="1">
              <lines>
                <line number="226" hits="1208" branch="False" />
                <line number="227" hits="1211" branch="True" condition-coverage="100% (4/4)">
                  <conditions>
                    <condition number="7" type="jump" coverage="100%" />
                    <condition number="23" type="jump" coverage="100%" />
                  </conditions>
                </line>
                <line number="228" hits="1221" branch="True" condition-coverage="100% (4/4)">
                  <conditions>
                    <condition number="38" type="jump" coverage="100%" />
                    <condition number="51" type="jump" coverage="100%" />
                  </conditions>
                </line>
                <line number="229" hits="1375" branch="True" condition-coverage="100% (2/2)">
                  <conditions>
                    <condition number="86" type="jump" coverage="100%" />
                  </conditions>
                </line>
                <line number="230" hits="1069" branch="True" condition-coverage="100% (2/2)">
                  <conditions>
                    <condition number="123" type="jump" coverage="100%" />
                  </conditions>
                </line>
                <line number="231" hits="2294" branch="True" condition-coverage="100% (2/2)">
                  <conditions>
                    <condition number="242" type="jump" coverage="100%" />
                  </conditions>
                </line>
                <line number="232" hits="1072" branch="False" />
                <line number="233" hits="1596" branch="True" condition-coverage="100% (2/2)">
                  <conditions>
                    <condition number="179" type="jump" coverage="100%" />
                  </conditions>
                </line>
                <line number="234" hits="886" branch="True" condition-coverage="100% (2/2)">
                  <conditions>
                    <condition number="217" type="jump" coverage="100%" />
                  </conditions>
                </line>
                <line number="235" hits="210" branch="False" />
                <line number="236" hits="75" branch="False" />
                <line number="237" hits="1208" branch="False" />
              </lines>
            </method>
            <method name="op_GreaterThan" signature="(lab5.LongNumber,lab5.LongNumber)" line-rate="1" branch-rate="1">
              <lines>
                <line number="241" hits="32" branch="False" />
                <line number="242" hits="32" branch="True" condition-coverage="100% (2/2)">
                  <conditions>
                    <condition number="9" type="jump" coverage="100%" />
                  </conditions>
                </line>
                <line number="243" hits="16" branch="False" />
                <line number="244" hits="16" branch="True" condition-coverage="100% (2/2)">
                  <conditions>
                    <condition number="20" type="jump" coverage="100%" />
                  </conditions>
                </line>
                <line number="245" hits="8" branch="False" />
                <line number="247" hits="8" branch="False" />
                <line number="250" hits="16" branch="True" condition-coverage="100% (2/2)">
                  <conditions>
                    <condition number="47" type="jump" coverage="100%" />
                  </conditions>
                </line>
                <line number="251" hits="8" branch="False" />
                <line number="253" hits="8" branch="False" />
                <line number="254" hits="32" branch="False" />
              </lines>
            </method>
            <method name="op_LessThan" signature="(lab5.LongNumber,lab5.LongNumber)" line-rate="1" branch-rate="0">
              <lines>
                <line number="257" hits="16" branch="False" />
                <line number="258" hits="16" branch="False" />
                <line number="259" hits="16" branch="False" />
              </lines>
            </method>
            <method name="op_LessThanOrEqual" signature="(lab5.LongNumber,lab5.LongNumber)" line-rate="1" branch-rate="1">
              <lines>
                <line number="262" hits="11" branch="False" />
                <line number="263" hits="11" branch="True" condition-coverage="100% (2/2)">
                  <conditions>
                    <condition number="8" type="jump" coverage="100%" />
                  </conditions>
                </line>
                <line number="264" hits="11" branch="False" />
              </lines>
            </method>
            <method name="op_GreaterThanOrEqual" signature="(lab5.LongNumber,lab5.LongNumber)" line-rate="1" branch-rate="1">
              <lines>
                <line number="267" hits="11" branch="False" />
                <line number="268" hits="11" branch="True" condition-coverage="100% (2/2)">
                  <conditions>
                    <condition number="8" type="jump" coverage="100%" />
                  </conditions>
                </line>
                <line number="269" hits="11" branch="False" />
              </lines>
            </method>
            <method name="op_Equality" signature="(lab5.LongNumber,lab5.LongNumber)" line-rate="1" branch-rate="1">
              <lines>
                <line number="272" hits="43" branch="False" />
                <line number="273" hits="58" branch="True" condition-coverage="100% (2/2)">
                  <conditions>
                    <condition number="20" type="jump" coverage="100%" />
                  </conditions>
                </line>
                <line number="275" hits="28" branch="False" />
                <line number="276" hits="43" branch="False" />
              </lines>
            </method>
            <method name="op_Inequality" signature="(lab5.LongNumber,lab5.LongNumber)" line-rate="1" branch-rate="0">
              <lines>
                <line number="279" hits="6" branch="False" />
                <line number="280" hits="6" branch="False" />
                <line number="281" hits="6" branch="False" />
              </lines>
            </method>
            <method name="ToString" signature="()" line-rate="1" branch-rate="1">
              <lines>
                <line number="284" hits="79" branch="False" />
                <line number="285" hits="79" branch="False" />
                <line number="286" hits="79" branch="False" />
                <line number="287" hits="79" branch="False" />
                <line number="288" hits="79" branch="False" />
                <line number="289" hits="143" branch="True" condition-coverage="100% (4/4)">
                  <conditions>
                    <condition number="134" type="jump" coverage="100%" />
                    <condition number="109" type="jump" coverage="100%" />
                  </conditions>
                </line>
                <line number="290" hits="65" branch="False" />
                <line number="291" hits="65" branch="False" />
                <line number="292" hits="64" branch="False" />
                <line number="293" hits="64" branch="False" />
                <line number="294" hits="64" branch="False" />
                <line number="295" hits="78" branch="False" />
                <line number="296" hits="78" branch="False" />
                <line number="297" hits="78" branch="False" />
              </lines>
            </method>
            <method name="Sign" signature="()" line-rate="1" branch-rate="1">
              <lines>
                <line number="300" hits="79" branch="False" />
                <line number="301" hits="79" branch="True" condition-coverage="100% (2/2)">
                  <conditions>
                    <condition number="7" type="jump" coverage="100%" />
                  </conditions>
                </line>
                <line number="302" hits="79" branch="False" />
              </lines>
            </method>
            <method name="FromString" signature="(System.String)" line-rate="1" branch-rate="1">
              <lines>
                <line number="305" hits="156" branch="False" />
                <line number="306" hits="156" branch="True" condition-coverage="100% (6/6)">
                  <conditions>
                    <condition number="7" type="jump" coverage="100%" />
                    <condition number="18" type="jump" coverage="100%" />
                    <condition number="39" type="jump" coverage="100%" />
                  </conditions>
                </line>
                <line number="307" hits="123" branch="False" />
                <line number="308" hits="123" branch="False" />
                <line number="309" hits="123" branch="False" />
                <line number="310" hits="156" branch="False" />
                <line number="311" hits="894" branch="True" condition-coverage="100% (2/2)">
                  <conditions>
                    <condition number="140" type="jump" coverage="100%" />
                  </conditions>
                </line>
                <line number="312" hits="291" branch="False" />
                <line number="313" hits="291" branch="False" />
                <line number="314" hits="291" branch="False" />
                <line number="315" hits="291" branch="False" />
                <line number="316" hits="156" branch="False" />
                <line number="317" hits="156" branch="False" />
                <line number="318" hits="156" branch="False" />
              </lines>
            </method>
          </methods>
          <lines>
            <line number="37" hits="11" branch="False" />
            <line number="39" hits="11" branch="False" />
            <line number="40" hits="11" branch="True" condition-coverage="100% (2/2)">
              <conditions>
                <condition number="19" type="jump" coverage="100%" />
              </conditions>
            </line>
            <line number="41" hits="4" branch="False" />
            <line number="42" hits="4" branch="False" />
            <line number="43" hits="4" branch="False" />
            <line number="44" hits="4" branch="False" />
            <line number="45" hits="4" branch="False" />
            <line number="47" hits="46" branch="True" condition-coverage="100% (2/2)">
              <conditions>
                <condition number="89" type="jump" coverage="100%" />
              </conditions>
            </line>
            <line number="48" hits="12" branch="False" />
            <line number="49" hits="11" branch="False" />
            <line number="50" hits="13" branch="True" condition-coverage="100% (4/4)">
              <conditions>
                <condition number="135" type="jump" coverage="100%" />
                <condition number="107" type="jump" coverage="100%" />
              </conditions>
            </line>
            <line number="51" hits="11" branch="False" />
            <line number="52" hits="11" branch="False" />
            <line number="53" hits="11" branch="False" />
            <line number="54" hits="11" branch="False" />
            <line number="58" hits="1120" branch="False" />
            <line number="59" hits="1120" branch="False" />
            <line number="60" hits="1120" branch="False" />
            <line number="61" hits="5004" branch="True" condition-coverage="100% (2/2)">
              <conditions>
                <condition number="102" type="jump" coverage="100%" />
              </conditions>
            </line>
            <line number="62" hits="1382" branch="False" />
            <line number="63" hits="1382" branch="False" />
            <line number="64" hits="1382" branch="False" />
            <line number="65" hits="1382" branch="False" />
            <line number="66" hits="1382" branch="False" />
            <line number="67" hits="1382" branch="False" />
            <line number="68" hits="1557" branch="True" condition-coverage="100% (2/2)">
              <conditions>
                <condition number="112" type="jump" coverage="100%" />
              </conditions>
            </line>
            <line number="71" hits="1119" branch="False" />
            <line number="72" hits="1119" branch="False" />
            <line number="76" hits="81" branch="False" />
            <line number="78" hits="81" branch="False" />
            <line number="79" hits="81" branch="False" />
            <line number="81" hits="81" branch="True" condition-coverage="100% (2/2)">
              <conditions>
                <condition number="39" type="jump" coverage="100%" />
              </conditions>
            </line>
            <line number="82" hits="5" branch="False" />
            <line number="83" hits="5" branch="False" />
            <line number="84" hits="5" branch="False" />
            <line number="86" hits="76" branch="False" />
            <line number="88" hits="239" branch="True" condition-coverage="100% (2/2)">
              <conditions>
                <condition number="127" type="jump" coverage="100%" />
              </conditions>
            </line>
            <line number="90" hits="206" branch="True" condition-coverage="100% (2/2)">
              <conditions>
                <condition number="235" type="jump" coverage="100%" />
              </conditions>
            </line>
            <line number="91" hits="28" branch="False" />
            <line number="92" hits="28" branch="True" condition-coverage="100% (2/2)">
              <conditions>
                <condition number="149" type="jump" coverage="100%" />
              </conditions>
            </line>
            <line number="93" hits="12" branch="False" />
            <line number="95" hits="16" branch="False" />
            <line number="96" hits="16" branch="False" />
            <line number="97" hits="15" branch="False" />
            <line number="98" hits="15" branch="False" />
            <line number="100" hits="15" branch="False" />
            <line number="101" hits="27" branch="False" />
            <line number="102" hits="27" branch="False" />
            <line number="104" hits="75" branch="False" />
            <line number="105" hits="75" branch="False" />
            <line number="106" hits="75" branch="False" />
            <line number="107" hits="75" branch="False" />
            <line number="108" hits="75" branch="False" />
            <line number="110" hits="75" branch="False" />
            <line number="111" hits="99" branch="True" condition-coverage="100% (2/2)">
              <conditions>
                <condition number="314" type="jump" coverage="100%" />
              </conditions>
            </line>
            <line number="112" hits="75" branch="False" />
            <line number="113" hits="75" branch="False" />
            <line number="114" hits="75" branch="False" />
            <line number="115" hits="80" branch="False" />
            <line number="118" hits="91" branch="False" />
            <line number="119" hits="91" branch="False" />
            <line number="120" hits="91" branch="False" />
            <line number="121" hits="817" branch="True" condition-coverage="100% (2/2)">
              <conditions>
                <condition number="70" type="jump" coverage="100%" />
              </conditions>
            </line>
            <line number="122" hits="727" branch="False" />
            <line number="123" hits="727" branch="False" />
            <line number="125" hits="726" branch="True" condition-coverage="100% (2/2)">
              <conditions>
                <condition number="39" type="jump" coverage="100%" />
              </conditions>
            </line>
            <line number="126" hits="522" branch="False" />
            <line number="127" hits="522" branch="False" />
            <line number="128" hits="522" branch="False" />
            <line number="130" hits="204" branch="False" />
            <line number="131" hits="204" branch="False" />
            <line number="132" hits="204" branch="False" />
            <line number="133" hits="726" branch="False" />
            <line number="135" hits="90" branch="False" />
            <line number="136" hits="90" branch="False" />
            <line number="138" hits="90" branch="False" />
            <line number="139" hits="90" branch="False" />
            <line number="142" hits="12" branch="False" />
            <line number="144" hits="12" branch="False" />
            <line number="145" hits="60" branch="True" condition-coverage="100% (2/2)">
              <conditions>
                <condition number="126" type="jump" coverage="100%" />
              </conditions>
            </line>
            <line number="146" hits="18" branch="False" />
            <line number="147" hits="34" branch="True" condition-coverage="100% (2/2)">
              <conditions>
                <condition number="28" type="jump" coverage="100%" />
              </conditions>
            </line>
            <line number="148" hits="18" branch="True" condition-coverage="100% (2/2)">
              <conditions>
                <condition number="71" type="jump" coverage="100%" />
              </conditions>
            </line>
            <line number="150" hits="18" branch="False" />
            <line number="151" hits="18" branch="False" />
            <line number="153" hits="18" branch="False" />
            <line number="154" hits="12" branch="False" />
            <line number="155" hits="12" branch="False" />
            <line number="158" hits="310" branch="False" />
            <line number="160" hits="310" branch="True" condition-coverage="100% (2/2)">
              <conditions>
                <condition number="13" type="jump" coverage="100%" />
              </conditions>
            </line>
            <line number="161" hits="154" branch="False" />
            <line number="162" hits="154" branch="False" />
            <line number="163" hits="154" branch="False" />
            <line number="164" hits="154" branch="False" />
            <line number="165" hits="154" branch="False" />
            <line number="166" hits="310" branch="True" condition-coverage="100% (2/2)">
              <conditions>
                <condition number="37" type="jump" coverage="100%" />
              </conditions>
            </line>
            <line number="167" hits="310" branch="False" />
            <line number="168" hits="310" branch="False" />
            <line number="171" hits="310" branch="False" />
            <line number="174" hits="8" branch="False" />
            <line number="175" hits="8" branch="True" condition-coverage="100% (2/2)">
              <conditions>
                <condition number="10" type="jump" coverage="100%" />
              </conditions>
            </line>
            <line number="176" hits="1" branch="False" />
            <line number="178" hits="7" branch="False" />
            <line number="179" hits="8" branch="False" />
            <line number="180" hits="8" branch="False" />
            <line number="181" hits="8" branch="False" />
            <line number="182" hits="8" branch="False" />
            <line number="185" hits="300" branch="False" />
            <line number="187" hits="300" branch="False" />
            <line number="188" hits="300" branch="False" />
            <line number="189" hits="1202" branch="True" condition-coverage="100% (2/2)">
              <conditions>
                <condition number="102" type="jump" coverage="100%" />
              </conditions>
            </line>
            <line number="190" hits="301" branch="False" />
            <line number="191" hits="301" branch="True" condition-coverage="100% (2/2)">
              <conditions>
                <condition number="46" type="jump" coverage="100%" />
              </conditions>
            </line>
            <line number="192" hits="301" branch="False" />
            <line number="193" hits="301" branch="False" />
            <line number="194" hits="301" branch="False" />
            <line number="195" hits="300" branch="False" />
            <line number="197" hits="300" branch="False" />
            <line number="198" hits="300" branch="False" />
            <line number="201" hits="100" branch="False" />
            <line number="202" hits="100" branch="False" />
            <line number="203" hits="100" branch="False" />
            <line number="204" hits="498" branch="True" condition-coverage="100% (2/2)">
              <conditions>
                <condition number="135" type="jump" coverage="100%" />
              </conditions>
            </line>
            <line number="205" hits="149" branch="False" />
            <line number="206" hits="149" branch="False" />
            <line number="207" hits="149" branch="True" condition-coverage="100% (2/2)">
              <conditions>
                <condition number="90" type="jump" coverage="100%" />
              </conditions>
            </line>
            <line number="208" hits="149" branch="False" />
            <line number="209" hits="149" branch="False" />
            <line number="210" hits="100" branch="False" />
            <line number="211" hits="102" branch="True" condition-coverage="100% (2/2)">
              <conditions>
                <condition number="218" type="jump" coverage="100%" />
              </conditions>
            </line>
            <line number="212" hits="2" branch="False" />
            <line number="213" hits="4" branch="True" condition-coverage="100% (2/2)">
              <conditions>
                <condition number="171" type="jump" coverage="100%" />
              </conditions>
            </line>
            <line number="214" hits="2" branch="False" />
            <line number="215" hits="2" branch="False" />
            <line number="216" hits="2" branch="False" />
            <line number="217" hits="100" branch="False" />
            <line number="218" hits="228" branch="True" condition-coverage="100% (4/4)">
              <conditions>
                <condition number="264" type="jump" coverage="100%" />
                <condition number="236" type="jump" coverage="100%" />
              </conditions>
            </line>
            <line number="219" hits="100" branch="False" />
            <line number="221" hits="100" branch="False" />
            <line number="222" hits="100" branch="False" />
            <line number="226" hits="1208" branch="False" />
            <line number="227" hits="1211" branch="True" condition-coverage="100% (4/4)">
              <conditions>
                <condition number="7" type="jump" coverage="100%" />
                <condition number="23" type="jump" coverage="100%" />
              </conditions>
            </line>
            <line number="228" hits="1221" branch="True" condition-coverage="100% (4/4)">
              <conditions>
                <condition number="38" type="jump" coverage="100%" />
                <condition number="51" type="jump" coverage="100%" />
              </conditions>
            </line>
            <line number="229" hits="1375" branch="True" condition-coverage="100% (2/2)">
              <conditions>
                <condition number="86" type="jump" coverage="100%" />
              </conditions>
            </line>
            <line number="230" hits="1069" branch="True" condition-coverage="100% (2/2)">
              <conditions>
                <condition number="123" type="jump" coverage="100%" />
              </conditions>
            </line>
            <line number="231" hits="2294" branch="True" condition-coverage="100% (2/2)">
              <conditions>
                <condition number="242" type="jump" coverage="100%" />
              </conditions>
            </line>
            <line number="232" hits="1072" branch="False" />
            <line number="233" hits="1596" branch="True" condition-coverage="100% (2/2)">
              <conditions>
                <condition number="179" type="jump" coverage="100%" />
              </conditions>
            </line>
            <line number="234" hits="886" branch="True" condition-coverage="100% (2/2)">
              <conditions>
                <condition number="217" type="jump" coverage="100%" />
              </conditions>
            </line>
            <line number="235" hits="210" branch="False" />
            <line number="236" hits="75" branch="False" />
            <line number="237" hits="1208" branch="False" />
            <line number="241" hits="32" branch="False" />
            <line number="242" hits="32" branch="True" condition-coverage="100% (2/2)">
              <conditions>
                <condition number="9" type="jump" coverage="100%" />
              </conditions>
            </line>
            <line number="243" hits="16" branch="False" />
            <line number="244" hits="16" branch="True" condition-coverage="100% (2/2)">
              <conditions>
                <condition number="20" type="jump" coverage="100%" />
              </conditions>
            </line>
            <line number="245" hits="8" branch="False" />
            <line number="247" hits="8" branch="False" />
            <line number="250" hits="16" branch="True" condition-coverage="100% (2/2)">
              <conditions>
                <condition number="47" type="jump" coverage="100%" />
              </conditions>
            </line>
            <line number="251" hits="8" branch="False" />
            <line number="253" hits="8" branch="False" />
            <line number="254" hits="32" branch="False" />
            <line number="257" hits="16" branch="False" />
            <line number="258" hits="16" branch="False" />
            <line number="259" hits="16" branch="False" />
            <line number="262" hits="11" branch="False" />
            <line number="263" hits="11" branch="True" condition-coverage="100% (2/2)">
              <conditions>
                <condition number="8" type="jump" coverage="100%" />
              </conditions>
            </line>
            <line number="264" hits="11" branch="False" />
            <line number="267" hits="11" branch="False" />
            <line number="268" hits="11" branch="True" condition-coverage="100% (2/2)">
              <conditions>
                <condition number="8" type="jump" coverage="100%" />
              </conditions>
            </line>
            <line number="269" hits="11" branch="False" />
            <line number="272" hits="43" branch="False" />
            <line number="273" hits="58" branch="True" condition-coverage="100% (2/2)">
              <conditions>
                <condition number="20" type="jump" coverage="100%" />
              </conditions>
            </line>
            <line number="275" hits="28" branch="False" />
            <line number="276" hits="43" branch="False" />
            <line number="279" hits="6" branch="False" />
            <line number="280" hits="6" branch="False" />
            <line number="281" hits="6" branch="False" />
            <line number="284" hits="79" branch="False" />
            <line number="285" hits="79" branch="False" />
            <line number="286" hits="79" branch="False" />
            <line number="287" hits="79" branch="False" />
            <line number="288" hits="79" branch="False" />
            <line number="289" hits="143" branch="True" condition-coverage="100% (4/4)">
              <conditions>
                <condition number="134" type="jump" coverage="100%" />
                <condition number="109" type="jump" coverage="100%" />
              </conditions>
            </line>
            <line number="290" hits="65" branch="False" />
            <line number="291" hits="65" branch="False" />
            <line number="292" hits="64" branch="False" />
            <line number="293" hits="64" branch="False" />
            <line number="294" hits="64" branch="False" />
            <line number="295" hits="78" branch="False" />
            <line number="296" hits="78" branch="False" />
            <line number="297" hits="78" branch="False" />
            <line number="300" hits="79" branch="False" />
            <line number="301" hits="79" branch="True" condition-coverage="100% (2/2)">
              <conditions>
                <condition number="7" type="jump" coverage="100%" />
              </conditions>
            </line>
            <line number="302" hits="79" branch="False" />
            <line number="305" hits="156" branch="False" />
            <line number="306" hits="156" branch="True" condition-coverage="100% (6/6)">
              <conditions>
                <condition number="7" type="jump" coverage="100%" />
                <condition number="18" type="jump" coverage="100%" />
                <condition number="39" type="jump" coverage="100%" />
              </conditions>
            </line>
            <line number="307" hits="123" branch="False" />
            <line number="308" hits="123" branch="False" />
            <line number="309" hits="123" branch="False" />
            <line number="310" hits="156" branch="False" />
            <line number="311" hits="894" branch="True" condition-coverage="100% (2/2)">
              <conditions>
                <condition number="140" type="jump" coverage="100%" />
              </conditions>
            </line>
            <line number="312" hits="291" branch="False" />
            <line number="313" hits="291" branch="False" />
            <line number="314" hits="291" branch="False" />
            <line number="315" hits="291" branch="False" />
            <line number="316" hits="156" branch="False" />
            <line number="317" hits="156" branch="False" />
            <line number="318" hits="156" branch="False" />
          </lines>
        </class>
        <class name="lab5.Cont`2" filename="LongNumber.cs" line-rate="1" branch-rate="0" complexity="0">
          <methods>
            <method name="get_Second" signature="()" line-rate="1" branch-rate="0">
              <lines>
                <line number="329" hits="340" branch="False" />
              </lines>
            </method>
            <method name="get_First" signature="()" line-rate="1" branch-rate="0">
              <lines>
                <line number="331" hits="340" branch="False" />
              </lines>
            </method>
            <method name="ToString" signature="()" line-rate="1" branch-rate="0">
              <lines>
                <line number="334" hits="16" branch="False" />
                <line number="335" hits="16" branch="False" />
                <line number="336" hits="16" branch="False" />
              </lines>
            </method>
          </methods>
          <lines>
            <line number="329" hits="340" branch="False" />
            <line number="331" hits="340" branch="False" />
            <line number="334" hits="16" branch="False" />
            <line number="335" hits="16" branch="False" />
            <line number="336" hits="16" branch="False" />
          </lines>
        </class>
      </classes>
    </package>
  </packages>
</coverage>