SF:D:\Studies\QualityControl\QualityControl\lab5\LongNumber.cs
FN:36,lab5.LongNumber lab5.LongNumber::op_Multiply(lab5.LongNumber,lab5.LongNumber)
FNDA:9,lab5.LongNumber lab5.LongNumber::op_Multiply(lab5.LongNumber,lab5.LongNumber)
DA:37,9
DA:39,9
DA:40,9
DA:41,3
DA:42,3
DA:43,3
DA:44,3
DA:45,3
DA:47,36
DA:48,9
DA:49,9
DA:50,11
DA:51,9
DA:52,9
DA:53,9
DA:54,9
BRDA:40,19,0,7
BRDA:40,19,1,511
BRDA:47,89,1,511
BRDA:47,89,0,511
BRDA:50,135,1,1
BRDA:50,107,0,511
BRDA:50,107,1,1
BRDA:50,135,0,511
FN:57,lab5.LongNumber lab5.LongNumber::op_Multiply(lab5.LongNumber,System.Byte)
FNDA:630,lab5.LongNumber lab5.LongNumber::op_Multiply(lab5.LongNumber,System.Byte)
DA:58,630
DA:59,630
DA:60,630
DA:61,2580
DA:62,660
DA:63,660
DA:64,660
DA:65,660
DA:66,660
DA:67,660
DA:68,819
DA:71,630
DA:72,630
BRDA:61,102,1,2147483647
BRDA:61,102,0,2147483647
BRDA:68,112,0,2147483647
BRDA:68,112,1,2147483647
FN:75,lab5.Cont`2<lab5.LongNumber,lab5.LongNumber> lab5.LongNumber::op_Division(lab5.LongNumber,lab5.LongNumber)
FNDA:47,lab5.Cont`2<lab5.LongNumber,lab5.LongNumber> lab5.LongNumber::op_Division(lab5.LongNumber,lab5.LongNumber)
DA:76,47
DA:78,47
DA:79,47
DA:81,47
DA:82,3
DA:83,3
DA:84,3
DA:86,44
DA:88,112
DA:90,104
DA:91,8
DA:92,8
DA:93,5
DA:95,3
DA:96,3
DA:97,3
DA:98,3
DA:100,3
DA:101,8
DA:102,8
DA:104,44
DA:105,44
DA:106,44
DA:107,44
DA:108,44
DA:110,44
DA:111,54
DA:112,44
DA:113,44
DA:114,44
DA:115,47
BRDA:81,39,0,7
BRDA:81,39,1,2147483647
BRDA:88,127,1,255
BRDA:88,127,0,2147483647
BRDA:90,235,1,255
BRDA:90,235,0,2147483647
BRDA:92,149,0,31
BRDA:92,149,1,7
BRDA:111,320,1,31
BRDA:111,292,0,2147483647
BRDA:111,292,1,0
BRDA:111,320,0,2147483647
FN:117,lab5.Cont`2<System.Byte,lab5.LongNumber> lab5.LongNumber::getDivider(lab5.LongNumber,lab5.LongNumber)
FNDA:47,lab5.Cont`2<System.Byte,lab5.LongNumber> lab5.LongNumber::getDivider(lab5.LongNumber,lab5.LongNumber)
DA:118,47
DA:119,47
DA:120,47
DA:121,423
DA:122,376
DA:123,376
DA:125,376
DA:126,288
DA:127,288
DA:128,288
DA:130,88
DA:131,88
DA:132,88
DA:133,376
DA:135,47
DA:136,47
DA:138,47
DA:139,47
BRDA:121,70,1,2147483647
BRDA:121,70,0,2147483647
BRDA:125,39,0,2147483647
BRDA:125,39,1,2147483647
FN:141,System.Void lab5.LongNumber::multuADD(lab5.LongNumber,lab5.LongNumber,System.Int32)
FNDA:9,System.Void lab5.LongNumber::multuADD(lab5.LongNumber,lab5.LongNumber,System.Int32)
DA:142,9
DA:144,9
DA:145,40
DA:146,11
DA:147,22
DA:148,11
DA:150,11
DA:151,11
DA:153,11
DA:154,9
DA:155,9
BRDA:145,126,1,2047
BRDA:145,126,0,511
BRDA:147,28,0,2047
BRDA:147,28,1,2047
BRDA:148,71,0,2047
BRDA:148,71,1,0
FN:157,lab5.LongNumber lab5.LongNumber::op_Addition(lab5.LongNumber,lab5.LongNumber)
FNDA:214,lab5.LongNumber lab5.LongNumber::op_Addition(lab5.LongNumber,lab5.LongNumber)
DA:158,214
DA:160,214
DA:161,124
DA:162,124
DA:163,124
DA:164,124
DA:165,124
DA:166,214
DA:167,214
DA:168,214
DA:171,214
BRDA:160,13,0,2147483647
BRDA:160,13,1,2147483647
BRDA:166,37,0,511
BRDA:166,37,1,2147483647
FN:173,lab5.LongNumber lab5.LongNumber::op_Subtraction(lab5.LongNumber,lab5.LongNumber)
FNDA:8,lab5.LongNumber lab5.LongNumber::op_Subtraction(lab5.LongNumber,lab5.LongNumber)
DA:174,8
DA:175,8
DA:176,1
DA:178,7
DA:179,8
DA:180,8
DA:181,8
DA:182,8
BRDA:175,10,0,1
BRDA:175,10,1,127
FN:184,lab5.LongNumber lab5.LongNumber::Add(lab5.LongNumber,lab5.LongNumber)
FNDA:205,lab5.LongNumber lab5.LongNumber::Add(lab5.LongNumber,lab5.LongNumber)
DA:185,205
DA:187,205
DA:188,205
DA:189,820
DA:190,205
DA:191,205
DA:192,205
DA:193,205
DA:194,205
DA:195,205
DA:197,205
DA:198,205
BRDA:189,102,1,2147483647
BRDA:189,102,0,2147483647
BRDA:191,46,0,2147483647
BRDA:191,46,1,0
FN:200,lab5.LongNumber lab5.LongNumber::Subtract(lab5.LongNumber,lab5.LongNumber)
FNDA:56,lab5.LongNumber lab5.LongNumber::Subtract(lab5.LongNumber,lab5.LongNumber)
DA:201,56
DA:202,56
DA:203,56
DA:204,246
DA:205,67
DA:206,67
DA:207,67
DA:208,67
DA:209,67
DA:210,56
DA:211,57
DA:212,1
DA:213,2
DA:214,1
DA:215,1
DA:216,1
DA:217,56
DA:218,124
DA:219,56
DA:221,56
DA:222,56
BRDA:204,135,1,2147483647
BRDA:204,135,0,2147483647
BRDA:207,90,0,2147483647
BRDA:207,90,1,0
BRDA:211,218,1,1
BRDA:211,218,0,2147483647
BRDA:213,171,0,1
BRDA:213,171,1,1
BRDA:218,264,1,2147483647
BRDA:218,236,0,2147483647
BRDA:218,236,1,67108863
BRDA:218,264,0,2147483647
FN:225,System.Int32 lab5.LongNumber::AbsCompare(lab5.LongNumber,lab5.LongNumber)
FNDA:690,System.Int32 lab5.LongNumber::AbsCompare(lab5.LongNumber,lab5.LongNumber)
DA:226,690
DA:227,693
DA:228,700
DA:229,786
DA:230,577
DA:231,1300
DA:232,591
DA:233,907
DA:234,447
DA:235,103
DA:236,59
DA:237,690
BRDA:227,7,0,127
BRDA:227,7,1,2147483647
BRDA:227,23,0,7
BRDA:227,23,1,2147483647
BRDA:228,38,0,2147483647
BRDA:228,38,1,15
BRDA:228,51,0,8191
BRDA:228,51,1,2147483647
BRDA:229,86,0,2147483647
BRDA:229,86,1,2147483647
BRDA:230,123,0,32767
BRDA:230,123,1,2147483647
BRDA:231,242,1,2147483647
BRDA:231,242,0,2147483647
BRDA:233,179,0,2147483647
BRDA:233,179,1,2147483647
BRDA:234,217,0,2147483647
BRDA:234,217,1,2147483647
FN:240,System.Boolean lab5.LongNumber::op_GreaterThan(lab5.LongNumber,lab5.LongNumber)
FNDA:16,System.Boolean lab5.LongNumber::op_GreaterThan(lab5.LongNumber,lab5.LongNumber)
DA:241,16
DA:242,16
DA:243,8
DA:244,8
DA:245,4
DA:247,4
DA:250,8
DA:251,4
DA:253,4
DA:254,16
BRDA:242,9,0,255
BRDA:242,9,1,255
BRDA:244,20,0,15
BRDA:244,20,1,15
BRDA:250,47,0,15
BRDA:250,47,1,15
FN:256,System.Boolean lab5.LongNumber::op_LessThan(lab5.LongNumber,lab5.LongNumber)
FNDA:8,System.Boolean lab5.LongNumber::op_LessThan(lab5.LongNumber,lab5.LongNumber)
DA:257,8
DA:258,8
DA:259,8
FN:261,System.Boolean lab5.LongNumber::op_LessThanOrEqual(lab5.LongNumber,lab5.LongNumber)
FNDA:3,System.Boolean lab5.LongNumber::op_LessThanOrEqual(lab5.LongNumber,lab5.LongNumber)
DA:262,3
DA:263,3
DA:264,3
BRDA:263,8,0,0
BRDA:263,8,1,7
FN:266,System.Boolean lab5.LongNumber::op_GreaterThanOrEqual(lab5.LongNumber,lab5.LongNumber)
FNDA:3,System.Boolean lab5.LongNumber::op_GreaterThanOrEqual(lab5.LongNumber,lab5.LongNumber)
DA:267,3
DA:268,3
DA:269,3
BRDA:268,8,0,0
BRDA:268,8,1,7
FN:271,System.Boolean lab5.LongNumber::op_Equality(lab5.LongNumber,lab5.LongNumber)
FNDA:27,System.Boolean lab5.LongNumber::op_Equality(lab5.LongNumber,lab5.LongNumber)
DA:272,27
DA:273,34
DA:275,20
DA:276,27
BRDA:273,20,0,127
BRDA:273,20,1,1048575
FN:278,System.Boolean lab5.LongNumber::op_Inequality(lab5.LongNumber,lab5.LongNumber)
FNDA:6,System.Boolean lab5.LongNumber::op_Inequality(lab5.LongNumber,lab5.LongNumber)
DA:279,6
DA:280,6
DA:281,6
FN:283,System.String lab5.LongNumber::ToString()
FNDA:55,System.String lab5.LongNumber::ToString()
DA:284,55
DA:285,55
DA:286,55
DA:287,55
DA:288,55
DA:289,95
DA:290,40
DA:291,40
DA:292,40
DA:293,40
DA:294,40
DA:295,55
DA:296,55
DA:297,55
BRDA:289,134,1,2147483647
BRDA:289,109,0,2147483647
BRDA:289,109,1,255
BRDA:289,134,0,2147483647
FN:299,System.Char lab5.LongNumber::Sign()
FNDA:55,System.Char lab5.LongNumber::Sign()
DA:300,55
DA:301,55
DA:302,55
BRDA:301,7,0,2147483647
BRDA:301,7,1,511
FN:304,lab5.LongNumber lab5.LongNumber::FromString(System.String)
FNDA:126,lab5.LongNumber lab5.LongNumber::FromString(System.String)
DA:305,126
DA:306,126
DA:307,96
DA:308,96
DA:309,96
DA:310,126
DA:311,648
DA:312,198
DA:313,198
DA:314,198
DA:315,198
DA:316,126
DA:317,126
DA:318,126
BRDA:306,7,0,2147483647
BRDA:306,18,0,2147483647
BRDA:306,7,1,67108863
BRDA:306,18,1,67108863
BRDA:306,39,0,2147483647
BRDA:306,39,1,2147483647
BRDA:311,140,1,2147483647
BRDA:311,140,0,2147483647
FN:328,T1 lab5.Cont`2::get_Second()
FNDA:188,T1 lab5.Cont`2::get_Second()
DA:329,188
FN:330,T lab5.Cont`2::get_First()
FNDA:188,T lab5.Cont`2::get_First()
DA:331,188
FN:333,System.String lab5.Cont`2::ToString()
FNDA:7,System.String lab5.Cont`2::ToString()
DA:334,7
DA:335,7
DA:336,7
LF:215
LH:215
BRF:100
BRH:94
FNF:22
FNH:22
end_of_record